/home/andrew/Downloads/clion-2019.2.4/bin/cmake/linux/bin/cmake -DCMAKE_BUILD_TYPE= -G "CodeBlocks - Unix Makefiles" /home/andrew/janus-gray
-- [hunter] Calculating Toolchain-SHA1
-- [hunter] Calculating Config-SHA1
-- [hunter] HUNTER_ROOT: /home/andrew/.hunter
-- [hunter] [ Hunter-ID: 21b2f13 | Toolchain-ID: 48ef662 | Config-ID: 0e6d6b0 ]
-- [hunter] BOOST_ROOT: /home/andrew/.hunter/_Base/21b2f13/48ef662/0e6d6b0/Install (ver.: 1.70.0-p0)
-- [hunter] BOOST_ROOT: /home/andrew/.hunter/_Base/21b2f13/48ef662/0e6d6b0/Install (ver.: 1.70.0-p0)
-- [hunter] BOOST_ROOT: /home/andrew/.hunter/_Base/21b2f13/48ef662/0e6d6b0/Install (ver.: 1.70.0-p0)
-- [hunter] BOOST_ROOT: /home/andrew/.hunter/_Base/21b2f13/48ef662/0e6d6b0/Install (ver.: 1.70.0-p0)
-- [hunter] BOOST_ROOT: /home/andrew/.hunter/_Base/21b2f13/48ef662/0e6d6b0/Install (ver.: 1.70.0-p0)
-- [hunter] BOOST_ROOT: /home/andrew/.hunter/_Base/21b2f13/48ef662/0e6d6b0/Install (ver.: 1.70.0-p0)
-- [hunter] GTEST_ROOT: /home/andrew/.hunter/_Base/21b2f13/48ef662/0e6d6b0/Install (ver.: 1.8.0-hunter-p11)
-- [hunter] Building GTest
loading initial cache file /home/andrew/.hunter/_Base/21b2f13/48ef662/0e6d6b0/cache.cmake
loading initial cache file /home/andrew/.hunter/_Base/21b2f13/48ef662/0e6d6b0/Build/GTest/args.cmake
-- The C compiler identification is GNU 9.2.1
-- The CXX compiler identification is GNU 9.2.1
-- Check for working C compiler: /usr/bin/cc
-- Check for working C compiler: /usr/bin/cc -- works
-- Detecting C compile features
-- Detecting C compile features - done
-- Check for working CXX compiler: /usr/bin/c++
-- Check for working CXX compiler: /usr/bin/c++ -- works
-- Detecting CXX compile features
-- Detecting CXX compile features - done
-- Configuring done
-- Generating done
-- Build files have been written to: /home/andrew/.hunter/_Base/21b2f13/48ef662/0e6d6b0/Build/GTest/Build
Scanning dependencies of target GTest-Release
[  6%] Creating directories for 'GTest-Release'
[ 12%] Performing download step (download, verify and extract) for 'GTest-Release'
-- verifying file...
       file='/home/andrew/.hunter/_Base/Download/GTest/1.8.0-hunter-p11/76c6aec/1.8.0-hunter-p11.tar.gz'
-- File already exists and hash match (skip download):
  file='/home/andrew/.hunter/_Base/Download/GTest/1.8.0-hunter-p11/76c6aec/1.8.0-hunter-p11.tar.gz'
  SHA1='76c6aec038f7d7258bf5c4f45c4817b34039d285'
-- extracting...
     src='/home/andrew/.hunter/_Base/Download/GTest/1.8.0-hunter-p11/76c6aec/1.8.0-hunter-p11.tar.gz'
     dst='/home/andrew/.hunter/_Base/21b2f13/48ef662/0e6d6b0/Build/GTest/Source'
-- extracting... [tar xfz]
-- extracting... [analysis]
-- extracting... [rename]
-- extracting... [clean up]
-- extracting... done
[ 18%] No patch step for 'GTest-Release'
[ 25%] No update step for 'GTest-Release'
[ 31%] Performing configure step for 'GTest-Release'
loading initial cache file /home/andrew/.hunter/_Base/21b2f13/48ef662/0e6d6b0/cache.cmake
loading initial cache file /home/andrew/.hunter/_Base/21b2f13/48ef662/0e6d6b0/Build/GTest/args.cmake
-- The C compiler identification is GNU 9.2.1
-- The CXX compiler identification is GNU 9.2.1
-- Check for working C compiler: /usr/bin/cc
-- Check for working C compiler: /usr/bin/cc -- works
-- Detecting C compile features
-- Detecting C compile features - done
-- Check for working CXX compiler: /usr/bin/c++
-- Check for working CXX compiler: /usr/bin/c++ -- works
-- Detecting CXX compile features
-- Detecting CXX compile features - done
-- Found PythonInterp: /usr/bin/python (found version "2.7.16") 
-- Looking for pthread.h
-- Looking for pthread.h - found
-- Performing Test CMAKE_HAVE_LIBC_PTHREAD
-- Performing Test CMAKE_HAVE_LIBC_PTHREAD - Failed
-- Check if compiler accepts -pthread
-- Check if compiler accepts -pthread - yes
-- Found Threads: TRUE  
-- Configuring done
-- Generating done
-- Build files have been written to: /home/andrew/.hunter/_Base/21b2f13/48ef662/0e6d6b0/Build/GTest/Build/GTest-Release-prefix/src/GTest-Release-build
[ 37%] Performing build step for 'GTest-Release'
Scanning dependencies of target gtest
Scanning dependencies of target gmock
[  9%] Building CXX object googlemock/gtest/CMakeFiles/gtest.dir/src/gtest-all.cc.o
Scanning dependencies of target gmock_main
[ 18%] Building CXX object googlemock/CMakeFiles/gmock.dir/__/googletest/src/gtest-all.cc.o
[ 27%] Building CXX object googlemock/CMakeFiles/gmock.dir/src/gmock-all.cc.o
[ 36%] Building CXX object googlemock/CMakeFiles/gmock_main.dir/__/googletest/src/gtest-all.cc.o
[ 45%] Building CXX object googlemock/CMakeFiles/gmock_main.dir/src/gmock-all.cc.o
[ 54%] Building CXX object googlemock/CMakeFiles/gmock_main.dir/src/gmock_main.cc.o
In file included from /home/andrew/.hunter/_Base/21b2f13/48ef662/0e6d6b0/Build/GTest/Source/googlemock/include/gmock/gmock-spec-builders.h:75,
                 from /home/andrew/.hunter/_Base/21b2f13/48ef662/0e6d6b0/Build/GTest/Source/googlemock/include/gmock/gmock-generated-function-mockers.h:43,
                 from /home/andrew/.hunter/_Base/21b2f13/48ef662/0e6d6b0/Build/GTest/Source/googlemock/include/gmock/gmock.h:61,
                 from /home/andrew/.hunter/_Base/21b2f13/48ef662/0e6d6b0/Build/GTest/Source/googlemock/src/gmock_main.cc:33:
/home/andrew/.hunter/_Base/21b2f13/48ef662/0e6d6b0/Build/GTest/Source/googlemock/include/gmock/gmock-matchers.h: In instantiation of ‘testing::PolymorphicMatcher<Impl>::PolymorphicMatcher(const Impl&) [with Impl = testing::internal::StrEqualityMatcher<std::__cxx11::basic_string<char> >]’:
/home/andrew/.hunter/_Base/21b2f13/48ef662/0e6d6b0/Build/GTest/Source/googlemock/include/gmock/gmock-matchers.h:497:10:   required from ‘testing::PolymorphicMatcher<Impl> testing::MakePolymorphicMatcher(const Impl&) [with Impl = testing::internal::StrEqualityMatcher<std::__cxx11::basic_string<char> >]’
/home/andrew/.hunter/_Base/21b2f13/48ef662/0e6d6b0/Build/GTest/Source/googlemock/include/gmock/gmock-matchers.h:3975:65:   required from here
/home/andrew/.hunter/_Base/21b2f13/48ef662/0e6d6b0/Build/GTest/Source/googlemock/include/gmock/gmock-matchers.h:432:67: error: implicitly-declared ‘testing::internal::StrEqualityMatcher<std::__cxx11::basic_string<char> >::StrEqualityMatcher(const testing::internal::StrEqualityMatcher<std::__cxx11::basic_string<char> >&)’ is deprecated [-Werror=deprecated-copy]
  432 |   explicit PolymorphicMatcher(const Impl& an_impl) : impl_(an_impl) {}
      |                                                                   ^
In file included from /home/andrew/.hunter/_Base/21b2f13/48ef662/0e6d6b0/Build/GTest/Source/googletest/include/gtest/internal/gtest-linked_ptr.h:74,
                 from /home/andrew/.hunter/_Base/21b2f13/48ef662/0e6d6b0/Build/GTest/Source/googlemock/include/gmock/internal/gmock-port.h:53,
                 from /home/andrew/.hunter/_Base/21b2f13/48ef662/0e6d6b0/Build/GTest/Source/googlemock/include/gmock/internal/gmock-generated-internal-utils.h:44,
                 from /home/andrew/.hunter/_Base/21b2f13/48ef662/0e6d6b0/Build/GTest/Source/googlemock/include/gmock/internal/gmock-internal-utils.h:45,
                 from /home/andrew/.hunter/_Base/21b2f13/48ef662/0e6d6b0/Build/GTest/Source/googlemock/include/gmock/gmock-actions.h:46,
                 from /home/andrew/.hunter/_Base/21b2f13/48ef662/0e6d6b0/Build/GTest/Source/googlemock/include/gmock/gmock.h:58,
                 from /home/andrew/.hunter/_Base/21b2f13/48ef662/0e6d6b0/Build/GTest/Source/googlemock/src/gmock_main.cc:33:
/home/andrew/.hunter/_Base/21b2f13/48ef662/0e6d6b0/Build/GTest/Source/googletest/include/gtest/internal/gtest-port.h:908:8: note: because ‘testing::internal::StrEqualityMatcher<std::__cxx11::basic_string<char> >’ has user-provided ‘void testing::internal::StrEqualityMatcher<StringType>::operator=(const testing::internal::StrEqualityMatcher<StringType>&) [with StringType = std::__cxx11::basic_string<char>]’
  908 |   void operator=(type const &)
      |        ^~~~~~~~
/home/andrew/.hunter/_Base/21b2f13/48ef662/0e6d6b0/Build/GTest/Source/googlemock/include/gmock/gmock-matchers.h:1180:3: note: in expansion of macro ‘GTEST_DISALLOW_ASSIGN_’
 1180 |   GTEST_DISALLOW_ASSIGN_(StrEqualityMatcher);
      |   ^~~~~~~~~~~~~~~~~~~~~~
In file included from /home/andrew/.hunter/_Base/21b2f13/48ef662/0e6d6b0/Build/GTest/Source/googlemock/include/gmock/gmock-spec-builders.h:75,
                 from /home/andrew/.hunter/_Base/21b2f13/48ef662/0e6d6b0/Build/GTest/Source/googlemock/include/gmock/gmock-generated-function-mockers.h:43,
                 from /home/andrew/.hunter/_Base/21b2f13/48ef662/0e6d6b0/Build/GTest/Source/googlemock/include/gmock/gmock.h:61,
                 from /home/andrew/.hunter/_Base/21b2f13/48ef662/0e6d6b0/Build/GTest/Source/googlemock/src/gmock_main.cc:33:
/home/andrew/.hunter/_Base/21b2f13/48ef662/0e6d6b0/Build/GTest/Source/googlemock/include/gmock/gmock-matchers.h: In instantiation of ‘testing::PolymorphicMatcher<Impl>::PolymorphicMatcher(const Impl&) [with Impl = testing::internal::HasSubstrMatcher<std::__cxx11::basic_string<char> >]’:
/home/andrew/.hunter/_Base/21b2f13/48ef662/0e6d6b0/Build/GTest/Source/googlemock/include/gmock/gmock-matchers.h:497:10:   required from ‘testing::PolymorphicMatcher<Impl> testing::MakePolymorphicMatcher(const Impl&) [with Impl = testing::internal::HasSubstrMatcher<std::__cxx11::basic_string<char> >]’
/home/andrew/.hunter/_Base/21b2f13/48ef662/0e6d6b0/Build/GTest/Source/googlemock/include/gmock/gmock-matchers.h:4004:57:   required from here
/home/andrew/.hunter/_Base/21b2f13/48ef662/0e6d6b0/Build/GTest/Source/googlemock/include/gmock/gmock-matchers.h:432:67: error: implicitly-declared ‘testing::internal::HasSubstrMatcher<std::__cxx11::basic_string<char> >::HasSubstrMatcher(const testing::internal::HasSubstrMatcher<std::__cxx11::basic_string<char> >&)’ is deprecated [-Werror=deprecated-copy]
  432 |   explicit PolymorphicMatcher(const Impl& an_impl) : impl_(an_impl) {}
      |                                                                   ^
In file included from /home/andrew/.hunter/_Base/21b2f13/48ef662/0e6d6b0/Build/GTest/Source/googletest/include/gtest/internal/gtest-linked_ptr.h:74,
                 from /home/andrew/.hunter/_Base/21b2f13/48ef662/0e6d6b0/Build/GTest/Source/googlemock/include/gmock/internal/gmock-port.h:53,
                 from /home/andrew/.hunter/_Base/21b2f13/48ef662/0e6d6b0/Build/GTest/Source/googlemock/include/gmock/internal/gmock-generated-internal-utils.h:44,
                 from /home/andrew/.hunter/_Base/21b2f13/48ef662/0e6d6b0/Build/GTest/Source/googlemock/include/gmock/internal/gmock-internal-utils.h:45,
                 from /home/andrew/.hunter/_Base/21b2f13/48ef662/0e6d6b0/Build/GTest/Source/googlemock/include/gmock/gmock-actions.h:46,
                 from /home/andrew/.hunter/_Base/21b2f13/48ef662/0e6d6b0/Build/GTest/Source/googlemock/include/gmock/gmock.h:58,
                 from /home/andrew/.hunter/_Base/21b2f13/48ef662/0e6d6b0/Build/GTest/Source/googlemock/src/gmock_main.cc:33:
/home/andrew/.hunter/_Base/21b2f13/48ef662/0e6d6b0/Build/GTest/Source/googletest/include/gtest/internal/gtest-port.h:908:8: note: because ‘testing::internal::HasSubstrMatcher<std::__cxx11::basic_string<char> >’ has user-provided ‘void testing::internal::HasSubstrMatcher<StringType>::operator=(const testing::internal::HasSubstrMatcher<StringType>&) [with StringType = std::__cxx11::basic_string<char>]’
  908 |   void operator=(type const &)
      |        ^~~~~~~~
/home/andrew/.hunter/_Base/21b2f13/48ef662/0e6d6b0/Build/GTest/Source/googlemock/include/gmock/gmock-matchers.h:1227:3: note: in expansion of macro ‘GTEST_DISALLOW_ASSIGN_’
 1227 |   GTEST_DISALLOW_ASSIGN_(HasSubstrMatcher);
      |   ^~~~~~~~~~~~~~~~~~~~~~
In file included from /home/andrew/.hunter/_Base/21b2f13/48ef662/0e6d6b0/Build/GTest/Source/googlemock/include/gmock/gmock-spec-builders.h:75,
                 from /home/andrew/.hunter/_Base/21b2f13/48ef662/0e6d6b0/Build/GTest/Source/googlemock/include/gmock/gmock-generated-function-mockers.h:43,
                 from /home/andrew/.hunter/_Base/21b2f13/48ef662/0e6d6b0/Build/GTest/Source/googlemock/include/gmock/gmock.h:61,
                 from /home/andrew/.hunter/_Base/21b2f13/48ef662/0e6d6b0/Build/GTest/Source/googlemock/src/gmock_main.cc:33:
/home/andrew/.hunter/_Base/21b2f13/48ef662/0e6d6b0/Build/GTest/Source/googlemock/include/gmock/gmock-matchers.h: In instantiation of ‘testing::PolymorphicMatcher<Impl>::PolymorphicMatcher(const Impl&) [with Impl = testing::internal::StartsWithMatcher<std::__cxx11::basic_string<char> >]’:
/home/andrew/.hunter/_Base/21b2f13/48ef662/0e6d6b0/Build/GTest/Source/googlemock/include/gmock/gmock-matchers.h:497:10:   required from ‘testing::PolymorphicMatcher<Impl> testing::MakePolymorphicMatcher(const Impl&) [with Impl = testing::internal::StartsWithMatcher<std::__cxx11::basic_string<char> >]’
/home/andrew/.hunter/_Base/21b2f13/48ef662/0e6d6b0/Build/GTest/Source/googlemock/include/gmock/gmock-matchers.h:4011:55:   required from here
/home/andrew/.hunter/_Base/21b2f13/48ef662/0e6d6b0/Build/GTest/Source/googlemock/include/gmock/gmock-matchers.h:432:67: error: implicitly-declared ‘testing::internal::StartsWithMatcher<std::__cxx11::basic_string<char> >::StartsWithMatcher(const testing::internal::StartsWithMatcher<std::__cxx11::basic_string<char> >&)’ is deprecated [-Werror=deprecated-copy]
  432 |   explicit PolymorphicMatcher(const Impl& an_impl) : impl_(an_impl) {}
      |                                                                   ^
In file included from /home/andrew/.hunter/_Base/21b2f13/48ef662/0e6d6b0/Build/GTest/Source/googletest/include/gtest/internal/gtest-linked_ptr.h:74,
                 from /home/andrew/.hunter/_Base/21b2f13/48ef662/0e6d6b0/Build/GTest/Source/googlemock/include/gmock/internal/gmock-port.h:53,
                 from /home/andrew/.hunter/_Base/21b2f13/48ef662/0e6d6b0/Build/GTest/Source/googlemock/include/gmock/internal/gmock-generated-internal-utils.h:44,
                 from /home/andrew/.hunter/_Base/21b2f13/48ef662/0e6d6b0/Build/GTest/Source/googlemock/include/gmock/internal/gmock-internal-utils.h:45,
                 from /home/andrew/.hunter/_Base/21b2f13/48ef662/0e6d6b0/Build/GTest/Source/googlemock/include/gmock/gmock-actions.h:46,
                 from /home/andrew/.hunter/_Base/21b2f13/48ef662/0e6d6b0/Build/GTest/Source/googlemock/include/gmock/gmock.h:58,
                 from /home/andrew/.hunter/_Base/21b2f13/48ef662/0e6d6b0/Build/GTest/Source/googlemock/src/gmock_main.cc:33:
/home/andrew/.hunter/_Base/21b2f13/48ef662/0e6d6b0/Build/GTest/Source/googletest/include/gtest/internal/gtest-port.h:908:8: note: because ‘testing::internal::StartsWithMatcher<std::__cxx11::basic_string<char> >’ has user-provided ‘void testing::internal::StartsWithMatcher<StringType>::operator=(const testing::internal::StartsWithMatcher<StringType>&) [with StringType = std::__cxx11::basic_string<char>]’
  908 |   void operator=(type const &)
      |        ^~~~~~~~
/home/andrew/.hunter/_Base/21b2f13/48ef662/0e6d6b0/Build/GTest/Source/googlemock/include/gmock/gmock-matchers.h:1274:3: note: in expansion of macro ‘GTEST_DISALLOW_ASSIGN_’
 1274 |   GTEST_DISALLOW_ASSIGN_(StartsWithMatcher);
      |   ^~~~~~~~~~~~~~~~~~~~~~
In file included from /home/andrew/.hunter/_Base/21b2f13/48ef662/0e6d6b0/Build/GTest/Source/googlemock/include/gmock/gmock-spec-builders.h:75,
                 from /home/andrew/.hunter/_Base/21b2f13/48ef662/0e6d6b0/Build/GTest/Source/googlemock/include/gmock/gmock-generated-function-mockers.h:43,
                 from /home/andrew/.hunter/_Base/21b2f13/48ef662/0e6d6b0/Build/GTest/Source/googlemock/include/gmock/gmock.h:61,
                 from /home/andrew/.hunter/_Base/21b2f13/48ef662/0e6d6b0/Build/GTest/Source/googlemock/src/gmock_main.cc:33:
/home/andrew/.hunter/_Base/21b2f13/48ef662/0e6d6b0/Build/GTest/Source/googlemock/include/gmock/gmock-matchers.h: In instantiation of ‘testing::PolymorphicMatcher<Impl>::PolymorphicMatcher(const Impl&) [with Impl = testing::internal::EndsWithMatcher<std::__cxx11::basic_string<char> >]’:
/home/andrew/.hunter/_Base/21b2f13/48ef662/0e6d6b0/Build/GTest/Source/googlemock/include/gmock/gmock-matchers.h:497:10:   required from ‘testing::PolymorphicMatcher<Impl> testing::MakePolymorphicMatcher(const Impl&) [with Impl = testing::internal::EndsWithMatcher<std::__cxx11::basic_string<char> >]’
/home/andrew/.hunter/_Base/21b2f13/48ef662/0e6d6b0/Build/GTest/Source/googlemock/include/gmock/gmock-matchers.h:4017:79:   required from here
/home/andrew/.hunter/_Base/21b2f13/48ef662/0e6d6b0/Build/GTest/Source/googlemock/include/gmock/gmock-matchers.h:432:67: error: implicitly-declared ‘testing::internal::EndsWithMatcher<std::__cxx11::basic_string<char> >::EndsWithMatcher(const testing::internal::EndsWithMatcher<std::__cxx11::basic_string<char> >&)’ is deprecated [-Werror=deprecated-copy]
  432 |   explicit PolymorphicMatcher(const Impl& an_impl) : impl_(an_impl) {}
      |                                                                   ^
In file included from /home/andrew/.hunter/_Base/21b2f13/48ef662/0e6d6b0/Build/GTest/Source/googletest/include/gtest/internal/gtest-linked_ptr.h:74,
                 from /home/andrew/.hunter/_Base/21b2f13/48ef662/0e6d6b0/Build/GTest/Source/googlemock/include/gmock/internal/gmock-port.h:53,
                 from /home/andrew/.hunter/_Base/21b2f13/48ef662/0e6d6b0/Build/GTest/Source/googlemock/include/gmock/internal/gmock-generated-internal-utils.h:44,
                 from /home/andrew/.hunter/_Base/21b2f13/48ef662/0e6d6b0/Build/GTest/Source/googlemock/include/gmock/internal/gmock-internal-utils.h:45,
                 from /home/andrew/.hunter/_Base/21b2f13/48ef662/0e6d6b0/Build/GTest/Source/googlemock/include/gmock/gmock-actions.h:46,
                 from /home/andrew/.hunter/_Base/21b2f13/48ef662/0e6d6b0/Build/GTest/Source/googlemock/include/gmock/gmock.h:58,
                 from /home/andrew/.hunter/_Base/21b2f13/48ef662/0e6d6b0/Build/GTest/Source/googlemock/src/gmock_main.cc:33:
/home/andrew/.hunter/_Base/21b2f13/48ef662/0e6d6b0/Build/GTest/Source/googletest/include/gtest/internal/gtest-port.h:908:8: note: because ‘testing::internal::EndsWithMatcher<std::__cxx11::basic_string<char> >’ has user-provided ‘void testing::internal::EndsWithMatcher<StringType>::operator=(const testing::internal::EndsWithMatcher<StringType>&) [with StringType = std::__cxx11::basic_string<char>]’
  908 |   void operator=(type const &)
      |        ^~~~~~~~
/home/andrew/.hunter/_Base/21b2f13/48ef662/0e6d6b0/Build/GTest/Source/googlemock/include/gmock/gmock-matchers.h:1320:3: note: in expansion of macro ‘GTEST_DISALLOW_ASSIGN_’
 1320 |   GTEST_DISALLOW_ASSIGN_(EndsWithMatcher);
      |   ^~~~~~~~~~~~~~~~~~~~~~
In file included from /home/andrew/.hunter/_Base/21b2f13/48ef662/0e6d6b0/Build/GTest/Source/googlemock/include/gmock/gmock-spec-builders.h:75,
                 from /home/andrew/.hunter/_Base/21b2f13/48ef662/0e6d6b0/Build/GTest/Source/googlemock/include/gmock/gmock-generated-function-mockers.h:43,
                 from /home/andrew/.hunter/_Base/21b2f13/48ef662/0e6d6b0/Build/GTest/Source/googlemock/include/gmock/gmock.h:61,
                 from /home/andrew/.hunter/_Base/21b2f13/48ef662/0e6d6b0/Build/GTest/Source/googlemock/src/gmock_main.cc:33:
/home/andrew/.hunter/_Base/21b2f13/48ef662/0e6d6b0/Build/GTest/Source/googlemock/include/gmock/gmock-matchers.h: In instantiation of ‘testing::PolymorphicMatcher<Impl>::PolymorphicMatcher(const Impl&) [with Impl = testing::internal::MatchesRegexMatcher]’:
/home/andrew/.hunter/_Base/21b2f13/48ef662/0e6d6b0/Build/GTest/Source/googlemock/include/gmock/gmock-matchers.h:497:10:   required from ‘testing::PolymorphicMatcher<Impl> testing::MakePolymorphicMatcher(const Impl&) [with Impl = testing::internal::MatchesRegexMatcher]’
/home/andrew/.hunter/_Base/21b2f13/48ef662/0e6d6b0/Build/GTest/Source/googlemock/include/gmock/gmock-matchers.h:4024:75:   required from here
/home/andrew/.hunter/_Base/21b2f13/48ef662/0e6d6b0/Build/GTest/Source/googlemock/include/gmock/gmock-matchers.h:432:67: error: implicitly-declared ‘testing::internal::MatchesRegexMatcher::MatchesRegexMatcher(const testing::internal::MatchesRegexMatcher&)’ is deprecated [-Werror=deprecated-copy]
  432 |   explicit PolymorphicMatcher(const Impl& an_impl) : impl_(an_impl) {}
      |                                                                   ^
In file included from /home/andrew/.hunter/_Base/21b2f13/48ef662/0e6d6b0/Build/GTest/Source/googletest/include/gtest/internal/gtest-linked_ptr.h:74,
                 from /home/andrew/.hunter/_Base/21b2f13/48ef662/0e6d6b0/Build/GTest/Source/googlemock/include/gmock/internal/gmock-port.h:53,
                 from /home/andrew/.hunter/_Base/21b2f13/48ef662/0e6d6b0/Build/GTest/Source/googlemock/include/gmock/internal/gmock-generated-internal-utils.h:44,
                 from /home/andrew/.hunter/_Base/21b2f13/48ef662/0e6d6b0/Build/GTest/Source/googlemock/include/gmock/internal/gmock-internal-utils.h:45,
                 from /home/andrew/.hunter/_Base/21b2f13/48ef662/0e6d6b0/Build/GTest/Source/googlemock/include/gmock/gmock-actions.h:46,
                 from /home/andrew/.hunter/_Base/21b2f13/48ef662/0e6d6b0/Build/GTest/Source/googlemock/include/gmock/gmock.h:58,
                 from /home/andrew/.hunter/_Base/21b2f13/48ef662/0e6d6b0/Build/GTest/Source/googlemock/src/gmock_main.cc:33:
/home/andrew/.hunter/_Base/21b2f13/48ef662/0e6d6b0/Build/GTest/Source/googletest/include/gtest/internal/gtest-port.h:908:8: note: because ‘testing::internal::MatchesRegexMatcher’ has user-provided ‘void testing::internal::MatchesRegexMatcher::operator=(const testing::internal::MatchesRegexMatcher&)’
  908 |   void operator=(type const &)
      |        ^~~~~~~~
/home/andrew/.hunter/_Base/21b2f13/48ef662/0e6d6b0/Build/GTest/Source/googlemock/include/gmock/gmock-matchers.h:1369:3: note: in expansion of macro ‘GTEST_DISALLOW_ASSIGN_’
 1369 |   GTEST_DISALLOW_ASSIGN_(MatchesRegexMatcher);
      |   ^~~~~~~~~~~~~~~~~~~~~~
In file included from /home/andrew/.hunter/_Base/21b2f13/48ef662/0e6d6b0/Build/GTest/Source/googlemock/include/gmock/gmock-spec-builders.h:75,
                 from /home/andrew/.hunter/_Base/21b2f13/48ef662/0e6d6b0/Build/GTest/Source/googlemock/include/gmock/gmock-generated-function-mockers.h:43,
                 from /home/andrew/.hunter/_Base/21b2f13/48ef662/0e6d6b0/Build/GTest/Source/googlemock/include/gmock/gmock.h:61,
                 from /home/andrew/.hunter/_Base/21b2f13/48ef662/0e6d6b0/Build/GTest/Source/googlemock/src/gmock_main.cc:33:
/home/andrew/.hunter/_Base/21b2f13/48ef662/0e6d6b0/Build/GTest/Source/googlemock/include/gmock/gmock-matchers.h: In instantiation of ‘testing::PolymorphicMatcher<Impl>::PolymorphicMatcher(const Impl&) [with Impl = testing::internal::StrEqualityMatcher<std::__cxx11::basic_string<wchar_t> >]’:
/home/andrew/.hunter/_Base/21b2f13/48ef662/0e6d6b0/Build/GTest/Source/googlemock/include/gmock/gmock-matchers.h:497:10:   required from ‘testing::PolymorphicMatcher<Impl> testing::MakePolymorphicMatcher(const Impl&) [with Impl = testing::internal::StrEqualityMatcher<std::__cxx11::basic_string<wchar_t> >]’
/home/andrew/.hunter/_Base/21b2f13/48ef662/0e6d6b0/Build/GTest/Source/googlemock/include/gmock/gmock-matchers.h:4049:23:   required from here
/home/andrew/.hunter/_Base/21b2f13/48ef662/0e6d6b0/Build/GTest/Source/googlemock/include/gmock/gmock-matchers.h:432:67: error: implicitly-declared ‘testing::internal::StrEqualityMatcher<std::__cxx11::basic_string<wchar_t> >::StrEqualityMatcher(const testing::internal::StrEqualityMatcher<std::__cxx11::basic_string<wchar_t> >&)’ is deprecated [-Werror=deprecated-copy]
  432 |   explicit PolymorphicMatcher(const Impl& an_impl) : impl_(an_impl) {}
      |                                                                   ^
In file included from /home/andrew/.hunter/_Base/21b2f13/48ef662/0e6d6b0/Build/GTest/Source/googletest/include/gtest/internal/gtest-linked_ptr.h:74,
                 from /home/andrew/.hunter/_Base/21b2f13/48ef662/0e6d6b0/Build/GTest/Source/googlemock/include/gmock/internal/gmock-port.h:53,
                 from /home/andrew/.hunter/_Base/21b2f13/48ef662/0e6d6b0/Build/GTest/Source/googlemock/include/gmock/internal/gmock-generated-internal-utils.h:44,
                 from /home/andrew/.hunter/_Base/21b2f13/48ef662/0e6d6b0/Build/GTest/Source/googlemock/include/gmock/internal/gmock-internal-utils.h:45,
                 from /home/andrew/.hunter/_Base/21b2f13/48ef662/0e6d6b0/Build/GTest/Source/googlemock/include/gmock/gmock-actions.h:46,
                 from /home/andrew/.hunter/_Base/21b2f13/48ef662/0e6d6b0/Build/GTest/Source/googlemock/include/gmock/gmock.h:58,
                 from /home/andrew/.hunter/_Base/21b2f13/48ef662/0e6d6b0/Build/GTest/Source/googlemock/src/gmock_main.cc:33:
/home/andrew/.hunter/_Base/21b2f13/48ef662/0e6d6b0/Build/GTest/Source/googletest/include/gtest/internal/gtest-port.h:908:8: note: because ‘testing::internal::StrEqualityMatcher<std::__cxx11::basic_string<wchar_t> >’ has user-provided ‘void testing::internal::StrEqualityMatcher<StringType>::operator=(const testing::internal::StrEqualityMatcher<StringType>&) [with StringType = std::__cxx11::basic_string<wchar_t>]’
  908 |   void operator=(type const &)
      |        ^~~~~~~~
/home/andrew/.hunter/_Base/21b2f13/48ef662/0e6d6b0/Build/GTest/Source/googlemock/include/gmock/gmock-matchers.h:1180:3: note: in expansion of macro ‘GTEST_DISALLOW_ASSIGN_’
 1180 |   GTEST_DISALLOW_ASSIGN_(StrEqualityMatcher);
      |   ^~~~~~~~~~~~~~~~~~~~~~
In file included from /home/andrew/.hunter/_Base/21b2f13/48ef662/0e6d6b0/Build/GTest/Source/googlemock/include/gmock/gmock-spec-builders.h:75,
                 from /home/andrew/.hunter/_Base/21b2f13/48ef662/0e6d6b0/Build/GTest/Source/googlemock/include/gmock/gmock-generated-function-mockers.h:43,
                 from /home/andrew/.hunter/_Base/21b2f13/48ef662/0e6d6b0/Build/GTest/Source/googlemock/include/gmock/gmock.h:61,
                 from /home/andrew/.hunter/_Base/21b2f13/48ef662/0e6d6b0/Build/GTest/Source/googlemock/src/gmock_main.cc:33:
/home/andrew/.hunter/_Base/21b2f13/48ef662/0e6d6b0/Build/GTest/Source/googlemock/include/gmock/gmock-matchers.h: In instantiation of ‘testing::PolymorphicMatcher<Impl>::PolymorphicMatcher(const Impl&) [with Impl = testing::internal::HasSubstrMatcher<std::__cxx11::basic_string<wchar_t> >]’:
/home/andrew/.hunter/_Base/21b2f13/48ef662/0e6d6b0/Build/GTest/Source/googlemock/include/gmock/gmock-matchers.h:497:10:   required from ‘testing::PolymorphicMatcher<Impl> testing::MakePolymorphicMatcher(const Impl&) [with Impl = testing::internal::HasSubstrMatcher<std::__cxx11::basic_string<wchar_t> >]’
/home/andrew/.hunter/_Base/21b2f13/48ef662/0e6d6b0/Build/GTest/Source/googlemock/include/gmock/gmock-matchers.h:4078:17:   required from here
/home/andrew/.hunter/_Base/21b2f13/48ef662/0e6d6b0/Build/GTest/Source/googlemock/include/gmock/gmock-matchers.h:432:67: error: implicitly-declared ‘testing::internal::HasSubstrMatcher<std::__cxx11::basic_string<wchar_t> >::HasSubstrMatcher(const testing::internal::HasSubstrMatcher<std::__cxx11::basic_string<wchar_t> >&)’ is deprecated [-Werror=deprecated-copy]
  432 |   explicit PolymorphicMatcher(const Impl& an_impl) : impl_(an_impl) {}
      |                                                                   ^
In file included from /home/andrew/.hunter/_Base/21b2f13/48ef662/0e6d6b0/Build/GTest/Source/googletest/include/gtest/internal/gtest-linked_ptr.h:74,
                 from /home/andrew/.hunter/_Base/21b2f13/48ef662/0e6d6b0/Build/GTest/Source/googlemock/include/gmock/internal/gmock-port.h:53,
                 from /home/andrew/.hunter/_Base/21b2f13/48ef662/0e6d6b0/Build/GTest/Source/googlemock/include/gmock/internal/gmock-generated-internal-utils.h:44,
                 from /home/andrew/.hunter/_Base/21b2f13/48ef662/0e6d6b0/Build/GTest/Source/googlemock/include/gmock/internal/gmock-internal-utils.h:45,
                 from /home/andrew/.hunter/_Base/21b2f13/48ef662/0e6d6b0/Build/GTest/Source/googlemock/include/gmock/gmock-actions.h:46,
                 from /home/andrew/.hunter/_Base/21b2f13/48ef662/0e6d6b0/Build/GTest/Source/googlemock/include/gmock/gmock.h:58,
                 from /home/andrew/.hunter/_Base/21b2f13/48ef662/0e6d6b0/Build/GTest/Source/googlemock/src/gmock_main.cc:33:
/home/andrew/.hunter/_Base/21b2f13/48ef662/0e6d6b0/Build/GTest/Source/googletest/include/gtest/internal/gtest-port.h:908:8: note: because ‘testing::internal::HasSubstrMatcher<std::__cxx11::basic_string<wchar_t> >’ has user-provided ‘void testing::internal::HasSubstrMatcher<StringType>::operator=(const testing::internal::HasSubstrMatcher<StringType>&) [with StringType = std::__cxx11::basic_string<wchar_t>]’
  908 |   void operator=(type const &)
      |        ^~~~~~~~
/home/andrew/.hunter/_Base/21b2f13/48ef662/0e6d6b0/Build/GTest/Source/googlemock/include/gmock/gmock-matchers.h:1227:3: note: in expansion of macro ‘GTEST_DISALLOW_ASSIGN_’
 1227 |   GTEST_DISALLOW_ASSIGN_(HasSubstrMatcher);
      |   ^~~~~~~~~~~~~~~~~~~~~~
In file included from /home/andrew/.hunter/_Base/21b2f13/48ef662/0e6d6b0/Build/GTest/Source/googlemock/include/gmock/gmock-spec-builders.h:75,
                 from /home/andrew/.hunter/_Base/21b2f13/48ef662/0e6d6b0/Build/GTest/Source/googlemock/include/gmock/gmock-generated-function-mockers.h:43,
                 from /home/andrew/.hunter/_Base/21b2f13/48ef662/0e6d6b0/Build/GTest/Source/googlemock/include/gmock/gmock.h:61,
                 from /home/andrew/.hunter/_Base/21b2f13/48ef662/0e6d6b0/Build/GTest/Source/googlemock/src/gmock_main.cc:33:
/home/andrew/.hunter/_Base/21b2f13/48ef662/0e6d6b0/Build/GTest/Source/googlemock/include/gmock/gmock-matchers.h: In instantiation of ‘testing::PolymorphicMatcher<Impl>::PolymorphicMatcher(const Impl&) [with Impl = testing::internal::StartsWithMatcher<std::__cxx11::basic_string<wchar_t> >]’:
/home/andrew/.hunter/_Base/21b2f13/48ef662/0e6d6b0/Build/GTest/Source/googlemock/include/gmock/gmock-matchers.h:497:10:   required from ‘testing::PolymorphicMatcher<Impl> testing::MakePolymorphicMatcher(const Impl&) [with Impl = testing::internal::StartsWithMatcher<std::__cxx11::basic_string<wchar_t> >]’
/home/andrew/.hunter/_Base/21b2f13/48ef662/0e6d6b0/Build/GTest/Source/googlemock/include/gmock/gmock-matchers.h:4085:14:   required from here
/home/andrew/.hunter/_Base/21b2f13/48ef662/0e6d6b0/Build/GTest/Source/googlemock/include/gmock/gmock-matchers.h:432:67: error: implicitly-declared ‘testing::internal::StartsWithMatcher<std::__cxx11::basic_string<wchar_t> >::StartsWithMatcher(const testing::internal::StartsWithMatcher<std::__cxx11::basic_string<wchar_t> >&)’ is deprecated [-Werror=deprecated-copy]
  432 |   explicit PolymorphicMatcher(const Impl& an_impl) : impl_(an_impl) {}
      |                                                                   ^
In file included from /home/andrew/.hunter/_Base/21b2f13/48ef662/0e6d6b0/Build/GTest/Source/googletest/include/gtest/internal/gtest-linked_ptr.h:74,
                 from /home/andrew/.hunter/_Base/21b2f13/48ef662/0e6d6b0/Build/GTest/Source/googlemock/include/gmock/internal/gmock-port.h:53,
                 from /home/andrew/.hunter/_Base/21b2f13/48ef662/0e6d6b0/Build/GTest/Source/googlemock/include/gmock/internal/gmock-generated-internal-utils.h:44,
                 from /home/andrew/.hunter/_Base/21b2f13/48ef662/0e6d6b0/Build/GTest/Source/googlemock/include/gmock/internal/gmock-internal-utils.h:45,
                 from /home/andrew/.hunter/_Base/21b2f13/48ef662/0e6d6b0/Build/GTest/Source/googlemock/include/gmock/gmock-actions.h:46,
                 from /home/andrew/.hunter/_Base/21b2f13/48ef662/0e6d6b0/Build/GTest/Source/googlemock/include/gmock/gmock.h:58,
                 from /home/andrew/.hunter/_Base/21b2f13/48ef662/0e6d6b0/Build/GTest/Source/googlemock/src/gmock_main.cc:33:
/home/andrew/.hunter/_Base/21b2f13/48ef662/0e6d6b0/Build/GTest/Source/googletest/include/gtest/internal/gtest-port.h:908:8: note: because ‘testing::internal::StartsWithMatcher<std::__cxx11::basic_string<wchar_t> >’ has user-provided ‘void testing::internal::StartsWithMatcher<StringType>::operator=(const testing::internal::StartsWithMatcher<StringType>&) [with StringType = std::__cxx11::basic_string<wchar_t>]’
  908 |   void operator=(type const &)
      |        ^~~~~~~~
/home/andrew/.hunter/_Base/21b2f13/48ef662/0e6d6b0/Build/GTest/Source/googlemock/include/gmock/gmock-matchers.h:1274:3: note: in expansion of macro ‘GTEST_DISALLOW_ASSIGN_’
 1274 |   GTEST_DISALLOW_ASSIGN_(StartsWithMatcher);
      |   ^~~~~~~~~~~~~~~~~~~~~~
In file included from /home/andrew/.hunter/_Base/21b2f13/48ef662/0e6d6b0/Build/GTest/Source/googlemock/include/gmock/gmock-spec-builders.h:75,
                 from /home/andrew/.hunter/_Base/21b2f13/48ef662/0e6d6b0/Build/GTest/Source/googlemock/include/gmock/gmock-generated-function-mockers.h:43,
                 from /home/andrew/.hunter/_Base/21b2f13/48ef662/0e6d6b0/Build/GTest/Source/googlemock/include/gmock/gmock.h:61,
                 from /home/andrew/.hunter/_Base/21b2f13/48ef662/0e6d6b0/Build/GTest/Source/googlemock/src/gmock_main.cc:33:
/home/andrew/.hunter/_Base/21b2f13/48ef662/0e6d6b0/Build/GTest/Source/googlemock/include/gmock/gmock-matchers.h: In instantiation of ‘testing::PolymorphicMatcher<Impl>::PolymorphicMatcher(const Impl&) [with Impl = testing::internal::EndsWithMatcher<std::__cxx11::basic_string<wchar_t> >]’:
/home/andrew/.hunter/_Base/21b2f13/48ef662/0e6d6b0/Build/GTest/Source/googlemock/include/gmock/gmock-matchers.h:497:10:   required from ‘testing::PolymorphicMatcher<Impl> testing::MakePolymorphicMatcher(const Impl&) [with Impl = testing::internal::EndsWithMatcher<std::__cxx11::basic_string<wchar_t> >]’
/home/andrew/.hunter/_Base/21b2f13/48ef662/0e6d6b0/Build/GTest/Source/googlemock/include/gmock/gmock-matchers.h:4092:14:   required from here
/home/andrew/.hunter/_Base/21b2f13/48ef662/0e6d6b0/Build/GTest/Source/googlemock/include/gmock/gmock-matchers.h:432:67: error: implicitly-declared ‘testing::internal::EndsWithMatcher<std::__cxx11::basic_string<wchar_t> >::EndsWithMatcher(const testing::internal::EndsWithMatcher<std::__cxx11::basic_string<wchar_t> >&)’ is deprecated [-Werror=deprecated-copy]
  432 |   explicit PolymorphicMatcher(const Impl& an_impl) : impl_(an_impl) {}
      |                                                                   ^
In file included from /home/andrew/.hunter/_Base/21b2f13/48ef662/0e6d6b0/Build/GTest/Source/googletest/include/gtest/internal/gtest-linked_ptr.h:74,
                 from /home/andrew/.hunter/_Base/21b2f13/48ef662/0e6d6b0/Build/GTest/Source/googlemock/include/gmock/internal/gmock-port.h:53,
                 from /home/andrew/.hunter/_Base/21b2f13/48ef662/0e6d6b0/Build/GTest/Source/googlemock/include/gmock/internal/gmock-generated-internal-utils.h:44,
                 from /home/andrew/.hunter/_Base/21b2f13/48ef662/0e6d6b0/Build/GTest/Source/googlemock/include/gmock/internal/gmock-internal-utils.h:45,
                 from /home/andrew/.hunter/_Base/21b2f13/48ef662/0e6d6b0/Build/GTest/Source/googlemock/include/gmock/gmock-actions.h:46,
                 from /home/andrew/.hunter/_Base/21b2f13/48ef662/0e6d6b0/Build/GTest/Source/googlemock/include/gmock/gmock.h:58,
                 from /home/andrew/.hunter/_Base/21b2f13/48ef662/0e6d6b0/Build/GTest/Source/googlemock/src/gmock_main.cc:33:
/home/andrew/.hunter/_Base/21b2f13/48ef662/0e6d6b0/Build/GTest/Source/googletest/include/gtest/internal/gtest-port.h:908:8: note: because ‘testing::internal::EndsWithMatcher<std::__cxx11::basic_string<wchar_t> >’ has user-provided ‘void testing::internal::EndsWithMatcher<StringType>::operator=(const testing::internal::EndsWithMatcher<StringType>&) [with StringType = std::__cxx11::basic_string<wchar_t>]’
  908 |   void operator=(type const &)
      |        ^~~~~~~~
/home/andrew/.hunter/_Base/21b2f13/48ef662/0e6d6b0/Build/GTest/Source/googlemock/include/gmock/gmock-matchers.h:1320:3: note: in expansion of macro ‘GTEST_DISALLOW_ASSIGN_’
 1320 |   GTEST_DISALLOW_ASSIGN_(EndsWithMatcher);
      |   ^~~~~~~~~~~~~~~~~~~~~~
cc1plus: all warnings being treated as errors
gmake[5]: *** [googlemock/CMakeFiles/gmock_main.dir/build.make:89: googlemock/CMakeFiles/gmock_main.dir/src/gmock_main.cc.o] Error 1
gmake[5]: *** Waiting for unfinished jobs....
In file included from /home/andrew/.hunter/_Base/21b2f13/48ef662/0e6d6b0/Build/GTest/Source/googlemock/include/gmock/gmock-spec-builders.h:75,
                 from /home/andrew/.hunter/_Base/21b2f13/48ef662/0e6d6b0/Build/GTest/Source/googlemock/include/gmock/gmock-generated-function-mockers.h:43,
                 from /home/andrew/.hunter/_Base/21b2f13/48ef662/0e6d6b0/Build/GTest/Source/googlemock/include/gmock/gmock.h:61,
                 from /home/andrew/.hunter/_Base/21b2f13/48ef662/0e6d6b0/Build/GTest/Source/googlemock/src/gmock-all.cc:40:
/home/andrew/.hunter/_Base/21b2f13/48ef662/0e6d6b0/Build/GTest/Source/googlemock/include/gmock/gmock-matchers.h: In instantiation of ‘testing::PolymorphicMatcher<Impl>::PolymorphicMatcher(const Impl&) [with Impl = testing::internal::StrEqualityMatcher<std::__cxx11::basic_string<char> >]’:
/home/andrew/.hunter/_Base/21b2f13/48ef662/0e6d6b0/Build/GTest/Source/googlemock/include/gmock/gmock-matchers.h:497:10:   required from ‘testing::PolymorphicMatcher<Impl> testing::MakePolymorphicMatcher(const Impl&) [with Impl = testing::internal::StrEqualityMatcher<std::__cxx11::basic_string<char> >]’
/home/andrew/.hunter/_Base/21b2f13/48ef662/0e6d6b0/Build/GTest/Source/googlemock/include/gmock/gmock-matchers.h:3975:65:   required from here
/home/andrew/.hunter/_Base/21b2f13/48ef662/0e6d6b0/Build/GTest/Source/googlemock/include/gmock/gmock-matchers.h:432:67: error: implicitly-declared ‘testing::internal::StrEqualityMatcher<std::__cxx11::basic_string<char> >::StrEqualityMatcher(const testing::internal::StrEqualityMatcher<std::__cxx11::basic_string<char> >&)’ is deprecated [-Werror=deprecated-copy]
  432 |   explicit PolymorphicMatcher(const Impl& an_impl) : impl_(an_impl) {}
      |                                                                   ^
In file included from /home/andrew/.hunter/_Base/21b2f13/48ef662/0e6d6b0/Build/GTest/Source/googletest/include/gtest/internal/gtest-linked_ptr.h:74,
                 from /home/andrew/.hunter/_Base/21b2f13/48ef662/0e6d6b0/Build/GTest/Source/googlemock/include/gmock/internal/gmock-port.h:53,
                 from /home/andrew/.hunter/_Base/21b2f13/48ef662/0e6d6b0/Build/GTest/Source/googlemock/include/gmock/internal/gmock-generated-internal-utils.h:44,
                 from /home/andrew/.hunter/_Base/21b2f13/48ef662/0e6d6b0/Build/GTest/Source/googlemock/include/gmock/internal/gmock-internal-utils.h:45,
                 from /home/andrew/.hunter/_Base/21b2f13/48ef662/0e6d6b0/Build/GTest/Source/googlemock/include/gmock/gmock-actions.h:46,
                 from /home/andrew/.hunter/_Base/21b2f13/48ef662/0e6d6b0/Build/GTest/Source/googlemock/include/gmock/gmock.h:58,
                 from /home/andrew/.hunter/_Base/21b2f13/48ef662/0e6d6b0/Build/GTest/Source/googlemock/src/gmock-all.cc:40:
/home/andrew/.hunter/_Base/21b2f13/48ef662/0e6d6b0/Build/GTest/Source/googletest/include/gtest/internal/gtest-port.h:908:8: note: because ‘testing::internal::StrEqualityMatcher<std::__cxx11::basic_string<char> >’ has user-provided ‘void testing::internal::StrEqualityMatcher<StringType>::operator=(const testing::internal::StrEqualityMatcher<StringType>&) [with StringType = std::__cxx11::basic_string<char>]’
  908 |   void operator=(type const &)
      |        ^~~~~~~~
/home/andrew/.hunter/_Base/21b2f13/48ef662/0e6d6b0/Build/GTest/Source/googlemock/include/gmock/gmock-matchers.h:1180:3: note: in expansion of macro ‘GTEST_DISALLOW_ASSIGN_’
 1180 |   GTEST_DISALLOW_ASSIGN_(StrEqualityMatcher);
      |   ^~~~~~~~~~~~~~~~~~~~~~
In file included from /home/andrew/.hunter/_Base/21b2f13/48ef662/0e6d6b0/Build/GTest/Source/googlemock/include/gmock/gmock-spec-builders.h:75,
                 from /home/andrew/.hunter/_Base/21b2f13/48ef662/0e6d6b0/Build/GTest/Source/googlemock/include/gmock/gmock-generated-function-mockers.h:43,
                 from /home/andrew/.hunter/_Base/21b2f13/48ef662/0e6d6b0/Build/GTest/Source/googlemock/include/gmock/gmock.h:61,
                 from /home/andrew/.hunter/_Base/21b2f13/48ef662/0e6d6b0/Build/GTest/Source/googlemock/src/gmock-all.cc:40:
/home/andrew/.hunter/_Base/21b2f13/48ef662/0e6d6b0/Build/GTest/Source/googlemock/include/gmock/gmock-matchers.h: In instantiation of ‘testing::PolymorphicMatcher<Impl>::PolymorphicMatcher(const Impl&) [with Impl = testing::internal::HasSubstrMatcher<std::__cxx11::basic_string<char> >]’:
/home/andrew/.hunter/_Base/21b2f13/48ef662/0e6d6b0/Build/GTest/Source/googlemock/include/gmock/gmock-matchers.h:497:10:   required from ‘testing::PolymorphicMatcher<Impl> testing::MakePolymorphicMatcher(const Impl&) [with Impl = testing::internal::HasSubstrMatcher<std::__cxx11::basic_string<char> >]’
/home/andrew/.hunter/_Base/21b2f13/48ef662/0e6d6b0/Build/GTest/Source/googlemock/include/gmock/gmock-matchers.h:4004:57:   required from here
/home/andrew/.hunter/_Base/21b2f13/48ef662/0e6d6b0/Build/GTest/Source/googlemock/include/gmock/gmock-matchers.h:432:67: error: implicitly-declared ‘testing::internal::HasSubstrMatcher<std::__cxx11::basic_string<char> >::HasSubstrMatcher(const testing::internal::HasSubstrMatcher<std::__cxx11::basic_string<char> >&)’ is deprecated [-Werror=deprecated-copy]
  432 |   explicit PolymorphicMatcher(const Impl& an_impl) : impl_(an_impl) {}
      |                                                                   ^
In file included from /home/andrew/.hunter/_Base/21b2f13/48ef662/0e6d6b0/Build/GTest/Source/googletest/include/gtest/internal/gtest-linked_ptr.h:74,
                 from /home/andrew/.hunter/_Base/21b2f13/48ef662/0e6d6b0/Build/GTest/Source/googlemock/include/gmock/internal/gmock-port.h:53,
                 from /home/andrew/.hunter/_Base/21b2f13/48ef662/0e6d6b0/Build/GTest/Source/googlemock/include/gmock/internal/gmock-generated-internal-utils.h:44,
                 from /home/andrew/.hunter/_Base/21b2f13/48ef662/0e6d6b0/Build/GTest/Source/googlemock/include/gmock/internal/gmock-internal-utils.h:45,
                 from /home/andrew/.hunter/_Base/21b2f13/48ef662/0e6d6b0/Build/GTest/Source/googlemock/include/gmock/gmock-actions.h:46,
                 from /home/andrew/.hunter/_Base/21b2f13/48ef662/0e6d6b0/Build/GTest/Source/googlemock/include/gmock/gmock.h:58,
                 from /home/andrew/.hunter/_Base/21b2f13/48ef662/0e6d6b0/Build/GTest/Source/googlemock/src/gmock-all.cc:40:
/home/andrew/.hunter/_Base/21b2f13/48ef662/0e6d6b0/Build/GTest/Source/googletest/include/gtest/internal/gtest-port.h:908:8: note: because ‘testing::internal::HasSubstrMatcher<std::__cxx11::basic_string<char> >’ has user-provided ‘void testing::internal::HasSubstrMatcher<StringType>::operator=(const testing::internal::HasSubstrMatcher<StringType>&) [with StringType = std::__cxx11::basic_string<char>]’
  908 |   void operator=(type const &)
      |        ^~~~~~~~
/home/andrew/.hunter/_Base/21b2f13/48ef662/0e6d6b0/Build/GTest/Source/googlemock/include/gmock/gmock-matchers.h:1227:3: note: in expansion of macro ‘GTEST_DISALLOW_ASSIGN_’
 1227 |   GTEST_DISALLOW_ASSIGN_(HasSubstrMatcher);
      |   ^~~~~~~~~~~~~~~~~~~~~~
In file included from /home/andrew/.hunter/_Base/21b2f13/48ef662/0e6d6b0/Build/GTest/Source/googlemock/include/gmock/gmock-spec-builders.h:75,
                 from /home/andrew/.hunter/_Base/21b2f13/48ef662/0e6d6b0/Build/GTest/Source/googlemock/include/gmock/gmock-generated-function-mockers.h:43,
                 from /home/andrew/.hunter/_Base/21b2f13/48ef662/0e6d6b0/Build/GTest/Source/googlemock/include/gmock/gmock.h:61,
                 from /home/andrew/.hunter/_Base/21b2f13/48ef662/0e6d6b0/Build/GTest/Source/googlemock/src/gmock-all.cc:40:
/home/andrew/.hunter/_Base/21b2f13/48ef662/0e6d6b0/Build/GTest/Source/googlemock/include/gmock/gmock-matchers.h: In instantiation of ‘testing::PolymorphicMatcher<Impl>::PolymorphicMatcher(const Impl&) [with Impl = testing::internal::StartsWithMatcher<std::__cxx11::basic_string<char> >]’:
/home/andrew/.hunter/_Base/21b2f13/48ef662/0e6d6b0/Build/GTest/Source/googlemock/include/gmock/gmock-matchers.h:497:10:   required from ‘testing::PolymorphicMatcher<Impl> testing::MakePolymorphicMatcher(const Impl&) [with Impl = testing::internal::StartsWithMatcher<std::__cxx11::basic_string<char> >]’
/home/andrew/.hunter/_Base/21b2f13/48ef662/0e6d6b0/Build/GTest/Source/googlemock/include/gmock/gmock-matchers.h:4011:55:   required from here
/home/andrew/.hunter/_Base/21b2f13/48ef662/0e6d6b0/Build/GTest/Source/googlemock/include/gmock/gmock-matchers.h:432:67: error: implicitly-declared ‘testing::internal::StartsWithMatcher<std::__cxx11::basic_string<char> >::StartsWithMatcher(const testing::internal::StartsWithMatcher<std::__cxx11::basic_string<char> >&)’ is deprecated [-Werror=deprecated-copy]
  432 |   explicit PolymorphicMatcher(const Impl& an_impl) : impl_(an_impl) {}
      |                                                                   ^
In file included from /home/andrew/.hunter/_Base/21b2f13/48ef662/0e6d6b0/Build/GTest/Source/googletest/include/gtest/internal/gtest-linked_ptr.h:74,
                 from /home/andrew/.hunter/_Base/21b2f13/48ef662/0e6d6b0/Build/GTest/Source/googlemock/include/gmock/internal/gmock-port.h:53,
                 from /home/andrew/.hunter/_Base/21b2f13/48ef662/0e6d6b0/Build/GTest/Source/googlemock/include/gmock/internal/gmock-generated-internal-utils.h:44,
                 from /home/andrew/.hunter/_Base/21b2f13/48ef662/0e6d6b0/Build/GTest/Source/googlemock/include/gmock/internal/gmock-internal-utils.h:45,
                 from /home/andrew/.hunter/_Base/21b2f13/48ef662/0e6d6b0/Build/GTest/Source/googlemock/include/gmock/gmock-actions.h:46,
                 from /home/andrew/.hunter/_Base/21b2f13/48ef662/0e6d6b0/Build/GTest/Source/googlemock/include/gmock/gmock.h:58,
                 from /home/andrew/.hunter/_Base/21b2f13/48ef662/0e6d6b0/Build/GTest/Source/googlemock/src/gmock-all.cc:40:
/home/andrew/.hunter/_Base/21b2f13/48ef662/0e6d6b0/Build/GTest/Source/googletest/include/gtest/internal/gtest-port.h:908:8: note: because ‘testing::internal::StartsWithMatcher<std::__cxx11::basic_string<char> >’ has user-provided ‘void testing::internal::StartsWithMatcher<StringType>::operator=(const testing::internal::StartsWithMatcher<StringType>&) [with StringType = std::__cxx11::basic_string<char>]’
  908 |   void operator=(type const &)
      |        ^~~~~~~~
/home/andrew/.hunter/_Base/21b2f13/48ef662/0e6d6b0/Build/GTest/Source/googlemock/include/gmock/gmock-matchers.h:1274:3: note: in expansion of macro ‘GTEST_DISALLOW_ASSIGN_’
 1274 |   GTEST_DISALLOW_ASSIGN_(StartsWithMatcher);
      |   ^~~~~~~~~~~~~~~~~~~~~~
In file included from /home/andrew/.hunter/_Base/21b2f13/48ef662/0e6d6b0/Build/GTest/Source/googlemock/include/gmock/gmock-spec-builders.h:75,
                 from /home/andrew/.hunter/_Base/21b2f13/48ef662/0e6d6b0/Build/GTest/Source/googlemock/include/gmock/gmock-generated-function-mockers.h:43,
                 from /home/andrew/.hunter/_Base/21b2f13/48ef662/0e6d6b0/Build/GTest/Source/googlemock/include/gmock/gmock.h:61,
                 from /home/andrew/.hunter/_Base/21b2f13/48ef662/0e6d6b0/Build/GTest/Source/googlemock/src/gmock-all.cc:40:
/home/andrew/.hunter/_Base/21b2f13/48ef662/0e6d6b0/Build/GTest/Source/googlemock/include/gmock/gmock-matchers.h: In instantiation of ‘testing::PolymorphicMatcher<Impl>::PolymorphicMatcher(const Impl&) [with Impl = testing::internal::EndsWithMatcher<std::__cxx11::basic_string<char> >]’:
/home/andrew/.hunter/_Base/21b2f13/48ef662/0e6d6b0/Build/GTest/Source/googlemock/include/gmock/gmock-matchers.h:497:10:   required from ‘testing::PolymorphicMatcher<Impl> testing::MakePolymorphicMatcher(const Impl&) [with Impl = testing::internal::EndsWithMatcher<std::__cxx11::basic_string<char> >]’
/home/andrew/.hunter/_Base/21b2f13/48ef662/0e6d6b0/Build/GTest/Source/googlemock/include/gmock/gmock-matchers.h:4017:79:   required from here
/home/andrew/.hunter/_Base/21b2f13/48ef662/0e6d6b0/Build/GTest/Source/googlemock/include/gmock/gmock-matchers.h:432:67: error: implicitly-declared ‘testing::internal::EndsWithMatcher<std::__cxx11::basic_string<char> >::EndsWithMatcher(const testing::internal::EndsWithMatcher<std::__cxx11::basic_string<char> >&)’ is deprecated [-Werror=deprecated-copy]
  432 |   explicit PolymorphicMatcher(const Impl& an_impl) : impl_(an_impl) {}
      |                                                                   ^
In file included from /home/andrew/.hunter/_Base/21b2f13/48ef662/0e6d6b0/Build/GTest/Source/googletest/include/gtest/internal/gtest-linked_ptr.h:74,
                 from /home/andrew/.hunter/_Base/21b2f13/48ef662/0e6d6b0/Build/GTest/Source/googlemock/include/gmock/internal/gmock-port.h:53,
                 from /home/andrew/.hunter/_Base/21b2f13/48ef662/0e6d6b0/Build/GTest/Source/googlemock/include/gmock/internal/gmock-generated-internal-utils.h:44,
                 from /home/andrew/.hunter/_Base/21b2f13/48ef662/0e6d6b0/Build/GTest/Source/googlemock/include/gmock/internal/gmock-internal-utils.h:45,
                 from /home/andrew/.hunter/_Base/21b2f13/48ef662/0e6d6b0/Build/GTest/Source/googlemock/include/gmock/gmock-actions.h:46,
                 from /home/andrew/.hunter/_Base/21b2f13/48ef662/0e6d6b0/Build/GTest/Source/googlemock/include/gmock/gmock.h:58,
                 from /home/andrew/.hunter/_Base/21b2f13/48ef662/0e6d6b0/Build/GTest/Source/googlemock/src/gmock-all.cc:40:
/home/andrew/.hunter/_Base/21b2f13/48ef662/0e6d6b0/Build/GTest/Source/googletest/include/gtest/internal/gtest-port.h:908:8: note: because ‘testing::internal::EndsWithMatcher<std::__cxx11::basic_string<char> >’ has user-provided ‘void testing::internal::EndsWithMatcher<StringType>::operator=(const testing::internal::EndsWithMatcher<StringType>&) [with StringType = std::__cxx11::basic_string<char>]’
  908 |   void operator=(type const &)
      |        ^~~~~~~~
/home/andrew/.hunter/_Base/21b2f13/48ef662/0e6d6b0/Build/GTest/Source/googlemock/include/gmock/gmock-matchers.h:1320:3: note: in expansion of macro ‘GTEST_DISALLOW_ASSIGN_’
 1320 |   GTEST_DISALLOW_ASSIGN_(EndsWithMatcher);
      |   ^~~~~~~~~~~~~~~~~~~~~~
In file included from /home/andrew/.hunter/_Base/21b2f13/48ef662/0e6d6b0/Build/GTest/Source/googlemock/include/gmock/gmock-spec-builders.h:75,
                 from /home/andrew/.hunter/_Base/21b2f13/48ef662/0e6d6b0/Build/GTest/Source/googlemock/include/gmock/gmock-generated-function-mockers.h:43,
                 from /home/andrew/.hunter/_Base/21b2f13/48ef662/0e6d6b0/Build/GTest/Source/googlemock/include/gmock/gmock.h:61,
                 from /home/andrew/.hunter/_Base/21b2f13/48ef662/0e6d6b0/Build/GTest/Source/googlemock/src/gmock-all.cc:40:
/home/andrew/.hunter/_Base/21b2f13/48ef662/0e6d6b0/Build/GTest/Source/googlemock/include/gmock/gmock-matchers.h: In instantiation of ‘testing::PolymorphicMatcher<Impl>::PolymorphicMatcher(const Impl&) [with Impl = testing::internal::MatchesRegexMatcher]’:
/home/andrew/.hunter/_Base/21b2f13/48ef662/0e6d6b0/Build/GTest/Source/googlemock/include/gmock/gmock-matchers.h:497:10:   required from ‘testing::PolymorphicMatcher<Impl> testing::MakePolymorphicMatcher(const Impl&) [with Impl = testing::internal::MatchesRegexMatcher]’
/home/andrew/.hunter/_Base/21b2f13/48ef662/0e6d6b0/Build/GTest/Source/googlemock/include/gmock/gmock-matchers.h:4024:75:   required from here
/home/andrew/.hunter/_Base/21b2f13/48ef662/0e6d6b0/Build/GTest/Source/googlemock/include/gmock/gmock-matchers.h:432:67: error: implicitly-declared ‘testing::internal::MatchesRegexMatcher::MatchesRegexMatcher(const testing::internal::MatchesRegexMatcher&)’ is deprecated [-Werror=deprecated-copy]
  432 |   explicit PolymorphicMatcher(const Impl& an_impl) : impl_(an_impl) {}
      |                                                                   ^
In file included from /home/andrew/.hunter/_Base/21b2f13/48ef662/0e6d6b0/Build/GTest/Source/googletest/include/gtest/internal/gtest-linked_ptr.h:74,
                 from /home/andrew/.hunter/_Base/21b2f13/48ef662/0e6d6b0/Build/GTest/Source/googlemock/include/gmock/internal/gmock-port.h:53,
                 from /home/andrew/.hunter/_Base/21b2f13/48ef662/0e6d6b0/Build/GTest/Source/googlemock/include/gmock/internal/gmock-generated-internal-utils.h:44,
                 from /home/andrew/.hunter/_Base/21b2f13/48ef662/0e6d6b0/Build/GTest/Source/googlemock/include/gmock/internal/gmock-internal-utils.h:45,
                 from /home/andrew/.hunter/_Base/21b2f13/48ef662/0e6d6b0/Build/GTest/Source/googlemock/include/gmock/gmock-actions.h:46,
                 from /home/andrew/.hunter/_Base/21b2f13/48ef662/0e6d6b0/Build/GTest/Source/googlemock/include/gmock/gmock.h:58,
                 from /home/andrew/.hunter/_Base/21b2f13/48ef662/0e6d6b0/Build/GTest/Source/googlemock/src/gmock-all.cc:40:
/home/andrew/.hunter/_Base/21b2f13/48ef662/0e6d6b0/Build/GTest/Source/googletest/include/gtest/internal/gtest-port.h:908:8: note: because ‘testing::internal::MatchesRegexMatcher’ has user-provided ‘void testing::internal::MatchesRegexMatcher::operator=(const testing::internal::MatchesRegexMatcher&)’
  908 |   void operator=(type const &)
      |        ^~~~~~~~
/home/andrew/.hunter/_Base/21b2f13/48ef662/0e6d6b0/Build/GTest/Source/googlemock/include/gmock/gmock-matchers.h:1369:3: note: in expansion of macro ‘GTEST_DISALLOW_ASSIGN_’
 1369 |   GTEST_DISALLOW_ASSIGN_(MatchesRegexMatcher);
      |   ^~~~~~~~~~~~~~~~~~~~~~
In file included from /home/andrew/.hunter/_Base/21b2f13/48ef662/0e6d6b0/Build/GTest/Source/googlemock/include/gmock/gmock-spec-builders.h:75,
                 from /home/andrew/.hunter/_Base/21b2f13/48ef662/0e6d6b0/Build/GTest/Source/googlemock/include/gmock/gmock-generated-function-mockers.h:43,
                 from /home/andrew/.hunter/_Base/21b2f13/48ef662/0e6d6b0/Build/GTest/Source/googlemock/include/gmock/gmock.h:61,
                 from /home/andrew/.hunter/_Base/21b2f13/48ef662/0e6d6b0/Build/GTest/Source/googlemock/src/gmock-all.cc:40:
/home/andrew/.hunter/_Base/21b2f13/48ef662/0e6d6b0/Build/GTest/Source/googlemock/include/gmock/gmock-matchers.h: In instantiation of ‘testing::PolymorphicMatcher<Impl>::PolymorphicMatcher(const Impl&) [with Impl = testing::internal::StrEqualityMatcher<std::__cxx11::basic_string<wchar_t> >]’:
/home/andrew/.hunter/_Base/21b2f13/48ef662/0e6d6b0/Build/GTest/Source/googlemock/include/gmock/gmock-matchers.h:497:10:   required from ‘testing::PolymorphicMatcher<Impl> testing::MakePolymorphicMatcher(const Impl&) [with Impl = testing::internal::StrEqualityMatcher<std::__cxx11::basic_string<wchar_t> >]’
/home/andrew/.hunter/_Base/21b2f13/48ef662/0e6d6b0/Build/GTest/Source/googlemock/include/gmock/gmock-matchers.h:4049:23:   required from here
/home/andrew/.hunter/_Base/21b2f13/48ef662/0e6d6b0/Build/GTest/Source/googlemock/include/gmock/gmock-matchers.h:432:67: error: implicitly-declared ‘testing::internal::StrEqualityMatcher<std::__cxx11::basic_string<wchar_t> >::StrEqualityMatcher(const testing::internal::StrEqualityMatcher<std::__cxx11::basic_string<wchar_t> >&)’ is deprecated [-Werror=deprecated-copy]
  432 |   explicit PolymorphicMatcher(const Impl& an_impl) : impl_(an_impl) {}
      |                                                                   ^
In file included from /home/andrew/.hunter/_Base/21b2f13/48ef662/0e6d6b0/Build/GTest/Source/googletest/include/gtest/internal/gtest-linked_ptr.h:74,
                 from /home/andrew/.hunter/_Base/21b2f13/48ef662/0e6d6b0/Build/GTest/Source/googlemock/include/gmock/internal/gmock-port.h:53,
                 from /home/andrew/.hunter/_Base/21b2f13/48ef662/0e6d6b0/Build/GTest/Source/googlemock/include/gmock/internal/gmock-generated-internal-utils.h:44,
                 from /home/andrew/.hunter/_Base/21b2f13/48ef662/0e6d6b0/Build/GTest/Source/googlemock/include/gmock/internal/gmock-internal-utils.h:45,
                 from /home/andrew/.hunter/_Base/21b2f13/48ef662/0e6d6b0/Build/GTest/Source/googlemock/include/gmock/gmock-actions.h:46,
                 from /home/andrew/.hunter/_Base/21b2f13/48ef662/0e6d6b0/Build/GTest/Source/googlemock/include/gmock/gmock.h:58,
                 from /home/andrew/.hunter/_Base/21b2f13/48ef662/0e6d6b0/Build/GTest/Source/googlemock/src/gmock-all.cc:40:
/home/andrew/.hunter/_Base/21b2f13/48ef662/0e6d6b0/Build/GTest/Source/googletest/include/gtest/internal/gtest-port.h:908:8: note: because ‘testing::internal::StrEqualityMatcher<std::__cxx11::basic_string<wchar_t> >’ has user-provided ‘void testing::internal::StrEqualityMatcher<StringType>::operator=(const testing::internal::StrEqualityMatcher<StringType>&) [with StringType = std::__cxx11::basic_string<wchar_t>]’
  908 |   void operator=(type const &)
      |        ^~~~~~~~
/home/andrew/.hunter/_Base/21b2f13/48ef662/0e6d6b0/Build/GTest/Source/googlemock/include/gmock/gmock-matchers.h:1180:3: note: in expansion of macro ‘GTEST_DISALLOW_ASSIGN_’
 1180 |   GTEST_DISALLOW_ASSIGN_(StrEqualityMatcher);
      |   ^~~~~~~~~~~~~~~~~~~~~~
In file included from /home/andrew/.hunter/_Base/21b2f13/48ef662/0e6d6b0/Build/GTest/Source/googlemock/include/gmock/gmock-spec-builders.h:75,
                 from /home/andrew/.hunter/_Base/21b2f13/48ef662/0e6d6b0/Build/GTest/Source/googlemock/include/gmock/gmock-generated-function-mockers.h:43,
                 from /home/andrew/.hunter/_Base/21b2f13/48ef662/0e6d6b0/Build/GTest/Source/googlemock/include/gmock/gmock.h:61,
                 from /home/andrew/.hunter/_Base/21b2f13/48ef662/0e6d6b0/Build/GTest/Source/googlemock/src/gmock-all.cc:40:
/home/andrew/.hunter/_Base/21b2f13/48ef662/0e6d6b0/Build/GTest/Source/googlemock/include/gmock/gmock-matchers.h: In instantiation of ‘testing::PolymorphicMatcher<Impl>::PolymorphicMatcher(const Impl&) [with Impl = testing::internal::HasSubstrMatcher<std::__cxx11::basic_string<wchar_t> >]’:
/home/andrew/.hunter/_Base/21b2f13/48ef662/0e6d6b0/Build/GTest/Source/googlemock/include/gmock/gmock-matchers.h:497:10:   required from ‘testing::PolymorphicMatcher<Impl> testing::MakePolymorphicMatcher(const Impl&) [with Impl = testing::internal::HasSubstrMatcher<std::__cxx11::basic_string<wchar_t> >]’
/home/andrew/.hunter/_Base/21b2f13/48ef662/0e6d6b0/Build/GTest/Source/googlemock/include/gmock/gmock-matchers.h:4078:17:   required from here
/home/andrew/.hunter/_Base/21b2f13/48ef662/0e6d6b0/Build/GTest/Source/googlemock/include/gmock/gmock-matchers.h:432:67: error: implicitly-declared ‘testing::internal::HasSubstrMatcher<std::__cxx11::basic_string<wchar_t> >::HasSubstrMatcher(const testing::internal::HasSubstrMatcher<std::__cxx11::basic_string<wchar_t> >&)’ is deprecated [-Werror=deprecated-copy]
  432 |   explicit PolymorphicMatcher(const Impl& an_impl) : impl_(an_impl) {}
      |                                                                   ^
In file included from /home/andrew/.hunter/_Base/21b2f13/48ef662/0e6d6b0/Build/GTest/Source/googletest/include/gtest/internal/gtest-linked_ptr.h:74,
                 from /home/andrew/.hunter/_Base/21b2f13/48ef662/0e6d6b0/Build/GTest/Source/googlemock/include/gmock/internal/gmock-port.h:53,
                 from /home/andrew/.hunter/_Base/21b2f13/48ef662/0e6d6b0/Build/GTest/Source/googlemock/include/gmock/internal/gmock-generated-internal-utils.h:44,
                 from /home/andrew/.hunter/_Base/21b2f13/48ef662/0e6d6b0/Build/GTest/Source/googlemock/include/gmock/internal/gmock-internal-utils.h:45,
                 from /home/andrew/.hunter/_Base/21b2f13/48ef662/0e6d6b0/Build/GTest/Source/googlemock/include/gmock/gmock-actions.h:46,
                 from /home/andrew/.hunter/_Base/21b2f13/48ef662/0e6d6b0/Build/GTest/Source/googlemock/include/gmock/gmock.h:58,
                 from /home/andrew/.hunter/_Base/21b2f13/48ef662/0e6d6b0/Build/GTest/Source/googlemock/src/gmock-all.cc:40:
/home/andrew/.hunter/_Base/21b2f13/48ef662/0e6d6b0/Build/GTest/Source/googletest/include/gtest/internal/gtest-port.h:908:8: note: because ‘testing::internal::HasSubstrMatcher<std::__cxx11::basic_string<wchar_t> >’ has user-provided ‘void testing::internal::HasSubstrMatcher<StringType>::operator=(const testing::internal::HasSubstrMatcher<StringType>&) [with StringType = std::__cxx11::basic_string<wchar_t>]’
  908 |   void operator=(type const &)
      |        ^~~~~~~~
/home/andrew/.hunter/_Base/21b2f13/48ef662/0e6d6b0/Build/GTest/Source/googlemock/include/gmock/gmock-matchers.h:1227:3: note: in expansion of macro ‘GTEST_DISALLOW_ASSIGN_’
 1227 |   GTEST_DISALLOW_ASSIGN_(HasSubstrMatcher);
      |   ^~~~~~~~~~~~~~~~~~~~~~
In file included from /home/andrew/.hunter/_Base/21b2f13/48ef662/0e6d6b0/Build/GTest/Source/googlemock/include/gmock/gmock-spec-builders.h:75,
                 from /home/andrew/.hunter/_Base/21b2f13/48ef662/0e6d6b0/Build/GTest/Source/googlemock/include/gmock/gmock-generated-function-mockers.h:43,
                 from /home/andrew/.hunter/_Base/21b2f13/48ef662/0e6d6b0/Build/GTest/Source/googlemock/include/gmock/gmock.h:61,
                 from /home/andrew/.hunter/_Base/21b2f13/48ef662/0e6d6b0/Build/GTest/Source/googlemock/src/gmock-all.cc:40:
/home/andrew/.hunter/_Base/21b2f13/48ef662/0e6d6b0/Build/GTest/Source/googlemock/include/gmock/gmock-matchers.h: In instantiation of ‘testing::PolymorphicMatcher<Impl>::PolymorphicMatcher(const Impl&) [with Impl = testing::internal::StartsWithMatcher<std::__cxx11::basic_string<wchar_t> >]’:
/home/andrew/.hunter/_Base/21b2f13/48ef662/0e6d6b0/Build/GTest/Source/googlemock/include/gmock/gmock-matchers.h:497:10:   required from ‘testing::PolymorphicMatcher<Impl> testing::MakePolymorphicMatcher(const Impl&) [with Impl = testing::internal::StartsWithMatcher<std::__cxx11::basic_string<wchar_t> >]’
/home/andrew/.hunter/_Base/21b2f13/48ef662/0e6d6b0/Build/GTest/Source/googlemock/include/gmock/gmock-matchers.h:4085:14:   required from here
/home/andrew/.hunter/_Base/21b2f13/48ef662/0e6d6b0/Build/GTest/Source/googlemock/include/gmock/gmock-matchers.h:432:67: error: implicitly-declared ‘testing::internal::StartsWithMatcher<std::__cxx11::basic_string<wchar_t> >::StartsWithMatcher(const testing::internal::StartsWithMatcher<std::__cxx11::basic_string<wchar_t> >&)’ is deprecated [-Werror=deprecated-copy]
  432 |   explicit PolymorphicMatcher(const Impl& an_impl) : impl_(an_impl) {}
      |                                                                   ^
In file included from /home/andrew/.hunter/_Base/21b2f13/48ef662/0e6d6b0/Build/GTest/Source/googletest/include/gtest/internal/gtest-linked_ptr.h:74,
                 from /home/andrew/.hunter/_Base/21b2f13/48ef662/0e6d6b0/Build/GTest/Source/googlemock/include/gmock/internal/gmock-port.h:53,
                 from /home/andrew/.hunter/_Base/21b2f13/48ef662/0e6d6b0/Build/GTest/Source/googlemock/include/gmock/internal/gmock-generated-internal-utils.h:44,
                 from /home/andrew/.hunter/_Base/21b2f13/48ef662/0e6d6b0/Build/GTest/Source/googlemock/include/gmock/internal/gmock-internal-utils.h:45,
                 from /home/andrew/.hunter/_Base/21b2f13/48ef662/0e6d6b0/Build/GTest/Source/googlemock/include/gmock/gmock-actions.h:46,
                 from /home/andrew/.hunter/_Base/21b2f13/48ef662/0e6d6b0/Build/GTest/Source/googlemock/include/gmock/gmock.h:58,
                 from /home/andrew/.hunter/_Base/21b2f13/48ef662/0e6d6b0/Build/GTest/Source/googlemock/src/gmock-all.cc:40:
/home/andrew/.hunter/_Base/21b2f13/48ef662/0e6d6b0/Build/GTest/Source/googletest/include/gtest/internal/gtest-port.h:908:8: note: because ‘testing::internal::StartsWithMatcher<std::__cxx11::basic_string<wchar_t> >’ has user-provided ‘void testing::internal::StartsWithMatcher<StringType>::operator=(const testing::internal::StartsWithMatcher<StringType>&) [with StringType = std::__cxx11::basic_string<wchar_t>]’
  908 |   void operator=(type const &)
      |        ^~~~~~~~
/home/andrew/.hunter/_Base/21b2f13/48ef662/0e6d6b0/Build/GTest/Source/googlemock/include/gmock/gmock-matchers.h:1274:3: note: in expansion of macro ‘GTEST_DISALLOW_ASSIGN_’
 1274 |   GTEST_DISALLOW_ASSIGN_(StartsWithMatcher);
      |   ^~~~~~~~~~~~~~~~~~~~~~
In file included from /home/andrew/.hunter/_Base/21b2f13/48ef662/0e6d6b0/Build/GTest/Source/googlemock/include/gmock/gmock-spec-builders.h:75,
                 from /home/andrew/.hunter/_Base/21b2f13/48ef662/0e6d6b0/Build/GTest/Source/googlemock/include/gmock/gmock-generated-function-mockers.h:43,
                 from /home/andrew/.hunter/_Base/21b2f13/48ef662/0e6d6b0/Build/GTest/Source/googlemock/include/gmock/gmock.h:61,
                 from /home/andrew/.hunter/_Base/21b2f13/48ef662/0e6d6b0/Build/GTest/Source/googlemock/src/gmock-all.cc:40:
/home/andrew/.hunter/_Base/21b2f13/48ef662/0e6d6b0/Build/GTest/Source/googlemock/include/gmock/gmock-matchers.h: In instantiation of ‘testing::PolymorphicMatcher<Impl>::PolymorphicMatcher(const Impl&) [with Impl = testing::internal::EndsWithMatcher<std::__cxx11::basic_string<wchar_t> >]’:
/home/andrew/.hunter/_Base/21b2f13/48ef662/0e6d6b0/Build/GTest/Source/googlemock/include/gmock/gmock-matchers.h:497:10:   required from ‘testing::PolymorphicMatcher<Impl> testing::MakePolymorphicMatcher(const Impl&) [with Impl = testing::internal::EndsWithMatcher<std::__cxx11::basic_string<wchar_t> >]’
/home/andrew/.hunter/_Base/21b2f13/48ef662/0e6d6b0/Build/GTest/Source/googlemock/include/gmock/gmock-matchers.h:4092:14:   required from here
/home/andrew/.hunter/_Base/21b2f13/48ef662/0e6d6b0/Build/GTest/Source/googlemock/include/gmock/gmock-matchers.h:432:67: error: implicitly-declared ‘testing::internal::EndsWithMatcher<std::__cxx11::basic_string<wchar_t> >::EndsWithMatcher(const testing::internal::EndsWithMatcher<std::__cxx11::basic_string<wchar_t> >&)’ is deprecated [-Werror=deprecated-copy]
  432 |   explicit PolymorphicMatcher(const Impl& an_impl) : impl_(an_impl) {}
      |                                                                   ^
In file included from /home/andrew/.hunter/_Base/21b2f13/48ef662/0e6d6b0/Build/GTest/Source/googletest/include/gtest/internal/gtest-linked_ptr.h:74,
                 from /home/andrew/.hunter/_Base/21b2f13/48ef662/0e6d6b0/Build/GTest/Source/googlemock/include/gmock/internal/gmock-port.h:53,
                 from /home/andrew/.hunter/_Base/21b2f13/48ef662/0e6d6b0/Build/GTest/Source/googlemock/include/gmock/internal/gmock-generated-internal-utils.h:44,
                 from /home/andrew/.hunter/_Base/21b2f13/48ef662/0e6d6b0/Build/GTest/Source/googlemock/include/gmock/internal/gmock-internal-utils.h:45,
                 from /home/andrew/.hunter/_Base/21b2f13/48ef662/0e6d6b0/Build/GTest/Source/googlemock/include/gmock/gmock-actions.h:46,
                 from /home/andrew/.hunter/_Base/21b2f13/48ef662/0e6d6b0/Build/GTest/Source/googlemock/include/gmock/gmock.h:58,
                 from /home/andrew/.hunter/_Base/21b2f13/48ef662/0e6d6b0/Build/GTest/Source/googlemock/src/gmock-all.cc:40:
/home/andrew/.hunter/_Base/21b2f13/48ef662/0e6d6b0/Build/GTest/Source/googletest/include/gtest/internal/gtest-port.h:908:8: note: because ‘testing::internal::EndsWithMatcher<std::__cxx11::basic_string<wchar_t> >’ has user-provided ‘void testing::internal::EndsWithMatcher<StringType>::operator=(const testing::internal::EndsWithMatcher<StringType>&) [with StringType = std::__cxx11::basic_string<wchar_t>]’
  908 |   void operator=(type const &)
      |        ^~~~~~~~
/home/andrew/.hunter/_Base/21b2f13/48ef662/0e6d6b0/Build/GTest/Source/googlemock/include/gmock/gmock-matchers.h:1320:3: note: in expansion of macro ‘GTEST_DISALLOW_ASSIGN_’
 1320 |   GTEST_DISALLOW_ASSIGN_(EndsWithMatcher);
      |   ^~~~~~~~~~~~~~~~~~~~~~
In file included from /home/andrew/.hunter/_Base/21b2f13/48ef662/0e6d6b0/Build/GTest/Source/googlemock/include/gmock/gmock-spec-builders.h:75,
                 from /home/andrew/.hunter/_Base/21b2f13/48ef662/0e6d6b0/Build/GTest/Source/googlemock/include/gmock/gmock-generated-function-mockers.h:43,
                 from /home/andrew/.hunter/_Base/21b2f13/48ef662/0e6d6b0/Build/GTest/Source/googlemock/include/gmock/gmock.h:61,
                 from /home/andrew/.hunter/_Base/21b2f13/48ef662/0e6d6b0/Build/GTest/Source/googlemock/src/gmock-all.cc:40:
/home/andrew/.hunter/_Base/21b2f13/48ef662/0e6d6b0/Build/GTest/Source/googlemock/include/gmock/gmock-matchers.h: In instantiation of ‘testing::PolymorphicMatcher<Impl>::PolymorphicMatcher(const Impl&) [with Impl = testing::internal::StrEqualityMatcher<std::__cxx11::basic_string<char> >]’:
/home/andrew/.hunter/_Base/21b2f13/48ef662/0e6d6b0/Build/GTest/Source/googlemock/include/gmock/gmock-matchers.h:497:10:   required from ‘testing::PolymorphicMatcher<Impl> testing::MakePolymorphicMatcher(const Impl&) [with Impl = testing::internal::StrEqualityMatcher<std::__cxx11::basic_string<char> >]’
/home/andrew/.hunter/_Base/21b2f13/48ef662/0e6d6b0/Build/GTest/Source/googlemock/include/gmock/gmock-matchers.h:3975:65:   required from here
/home/andrew/.hunter/_Base/21b2f13/48ef662/0e6d6b0/Build/GTest/Source/googlemock/include/gmock/gmock-matchers.h:432:67: error: implicitly-declared ‘testing::internal::StrEqualityMatcher<std::__cxx11::basic_string<char> >::StrEqualityMatcher(const testing::internal::StrEqualityMatcher<std::__cxx11::basic_string<char> >&)’ is deprecated [-Werror=deprecated-copy]
  432 |   explicit PolymorphicMatcher(const Impl& an_impl) : impl_(an_impl) {}
      |                                                                   ^
In file included from /home/andrew/.hunter/_Base/21b2f13/48ef662/0e6d6b0/Build/GTest/Source/googletest/include/gtest/internal/gtest-linked_ptr.h:74,
                 from /home/andrew/.hunter/_Base/21b2f13/48ef662/0e6d6b0/Build/GTest/Source/googlemock/include/gmock/internal/gmock-port.h:53,
                 from /home/andrew/.hunter/_Base/21b2f13/48ef662/0e6d6b0/Build/GTest/Source/googlemock/include/gmock/internal/gmock-generated-internal-utils.h:44,
                 from /home/andrew/.hunter/_Base/21b2f13/48ef662/0e6d6b0/Build/GTest/Source/googlemock/include/gmock/internal/gmock-internal-utils.h:45,
                 from /home/andrew/.hunter/_Base/21b2f13/48ef662/0e6d6b0/Build/GTest/Source/googlemock/include/gmock/gmock-actions.h:46,
                 from /home/andrew/.hunter/_Base/21b2f13/48ef662/0e6d6b0/Build/GTest/Source/googlemock/include/gmock/gmock.h:58,
                 from /home/andrew/.hunter/_Base/21b2f13/48ef662/0e6d6b0/Build/GTest/Source/googlemock/src/gmock-all.cc:40:
/home/andrew/.hunter/_Base/21b2f13/48ef662/0e6d6b0/Build/GTest/Source/googletest/include/gtest/internal/gtest-port.h:908:8: note: because ‘testing::internal::StrEqualityMatcher<std::__cxx11::basic_string<char> >’ has user-provided ‘void testing::internal::StrEqualityMatcher<StringType>::operator=(const testing::internal::StrEqualityMatcher<StringType>&) [with StringType = std::__cxx11::basic_string<char>]’
  908 |   void operator=(type const &)
      |        ^~~~~~~~
/home/andrew/.hunter/_Base/21b2f13/48ef662/0e6d6b0/Build/GTest/Source/googlemock/include/gmock/gmock-matchers.h:1180:3: note: in expansion of macro ‘GTEST_DISALLOW_ASSIGN_’
 1180 |   GTEST_DISALLOW_ASSIGN_(StrEqualityMatcher);
      |   ^~~~~~~~~~~~~~~~~~~~~~
In file included from /home/andrew/.hunter/_Base/21b2f13/48ef662/0e6d6b0/Build/GTest/Source/googlemock/include/gmock/gmock-spec-builders.h:75,
                 from /home/andrew/.hunter/_Base/21b2f13/48ef662/0e6d6b0/Build/GTest/Source/googlemock/include/gmock/gmock-generated-function-mockers.h:43,
                 from /home/andrew/.hunter/_Base/21b2f13/48ef662/0e6d6b0/Build/GTest/Source/googlemock/include/gmock/gmock.h:61,
                 from /home/andrew/.hunter/_Base/21b2f13/48ef662/0e6d6b0/Build/GTest/Source/googlemock/src/gmock-all.cc:40:
/home/andrew/.hunter/_Base/21b2f13/48ef662/0e6d6b0/Build/GTest/Source/googlemock/include/gmock/gmock-matchers.h: In instantiation of ‘testing::PolymorphicMatcher<Impl>::PolymorphicMatcher(const Impl&) [with Impl = testing::internal::HasSubstrMatcher<std::__cxx11::basic_string<char> >]’:
/home/andrew/.hunter/_Base/21b2f13/48ef662/0e6d6b0/Build/GTest/Source/googlemock/include/gmock/gmock-matchers.h:497:10:   required from ‘testing::PolymorphicMatcher<Impl> testing::MakePolymorphicMatcher(const Impl&) [with Impl = testing::internal::HasSubstrMatcher<std::__cxx11::basic_string<char> >]’
/home/andrew/.hunter/_Base/21b2f13/48ef662/0e6d6b0/Build/GTest/Source/googlemock/include/gmock/gmock-matchers.h:4004:57:   required from here
/home/andrew/.hunter/_Base/21b2f13/48ef662/0e6d6b0/Build/GTest/Source/googlemock/include/gmock/gmock-matchers.h:432:67: error: implicitly-declared ‘testing::internal::HasSubstrMatcher<std::__cxx11::basic_string<char> >::HasSubstrMatcher(const testing::internal::HasSubstrMatcher<std::__cxx11::basic_string<char> >&)’ is deprecated [-Werror=deprecated-copy]
  432 |   explicit PolymorphicMatcher(const Impl& an_impl) : impl_(an_impl) {}
      |                                                                   ^
In file included from /home/andrew/.hunter/_Base/21b2f13/48ef662/0e6d6b0/Build/GTest/Source/googletest/include/gtest/internal/gtest-linked_ptr.h:74,
                 from /home/andrew/.hunter/_Base/21b2f13/48ef662/0e6d6b0/Build/GTest/Source/googlemock/include/gmock/internal/gmock-port.h:53,
                 from /home/andrew/.hunter/_Base/21b2f13/48ef662/0e6d6b0/Build/GTest/Source/googlemock/include/gmock/internal/gmock-generated-internal-utils.h:44,
                 from /home/andrew/.hunter/_Base/21b2f13/48ef662/0e6d6b0/Build/GTest/Source/googlemock/include/gmock/internal/gmock-internal-utils.h:45,
                 from /home/andrew/.hunter/_Base/21b2f13/48ef662/0e6d6b0/Build/GTest/Source/googlemock/include/gmock/gmock-actions.h:46,
                 from /home/andrew/.hunter/_Base/21b2f13/48ef662/0e6d6b0/Build/GTest/Source/googlemock/include/gmock/gmock.h:58,
                 from /home/andrew/.hunter/_Base/21b2f13/48ef662/0e6d6b0/Build/GTest/Source/googlemock/src/gmock-all.cc:40:
/home/andrew/.hunter/_Base/21b2f13/48ef662/0e6d6b0/Build/GTest/Source/googletest/include/gtest/internal/gtest-port.h:908:8: note: because ‘testing::internal::HasSubstrMatcher<std::__cxx11::basic_string<char> >’ has user-provided ‘void testing::internal::HasSubstrMatcher<StringType>::operator=(const testing::internal::HasSubstrMatcher<StringType>&) [with StringType = std::__cxx11::basic_string<char>]’
  908 |   void operator=(type const &)
      |        ^~~~~~~~
/home/andrew/.hunter/_Base/21b2f13/48ef662/0e6d6b0/Build/GTest/Source/googlemock/include/gmock/gmock-matchers.h:1227:3: note: in expansion of macro ‘GTEST_DISALLOW_ASSIGN_’
 1227 |   GTEST_DISALLOW_ASSIGN_(HasSubstrMatcher);
      |   ^~~~~~~~~~~~~~~~~~~~~~
In file included from /home/andrew/.hunter/_Base/21b2f13/48ef662/0e6d6b0/Build/GTest/Source/googlemock/include/gmock/gmock-spec-builders.h:75,
                 from /home/andrew/.hunter/_Base/21b2f13/48ef662/0e6d6b0/Build/GTest/Source/googlemock/include/gmock/gmock-generated-function-mockers.h:43,
                 from /home/andrew/.hunter/_Base/21b2f13/48ef662/0e6d6b0/Build/GTest/Source/googlemock/include/gmock/gmock.h:61,
                 from /home/andrew/.hunter/_Base/21b2f13/48ef662/0e6d6b0/Build/GTest/Source/googlemock/src/gmock-all.cc:40:
/home/andrew/.hunter/_Base/21b2f13/48ef662/0e6d6b0/Build/GTest/Source/googlemock/include/gmock/gmock-matchers.h: In instantiation of ‘testing::PolymorphicMatcher<Impl>::PolymorphicMatcher(const Impl&) [with Impl = testing::internal::StartsWithMatcher<std::__cxx11::basic_string<char> >]’:
/home/andrew/.hunter/_Base/21b2f13/48ef662/0e6d6b0/Build/GTest/Source/googlemock/include/gmock/gmock-matchers.h:497:10:   required from ‘testing::PolymorphicMatcher<Impl> testing::MakePolymorphicMatcher(const Impl&) [with Impl = testing::internal::StartsWithMatcher<std::__cxx11::basic_string<char> >]’
/home/andrew/.hunter/_Base/21b2f13/48ef662/0e6d6b0/Build/GTest/Source/googlemock/include/gmock/gmock-matchers.h:4011:55:   required from here
/home/andrew/.hunter/_Base/21b2f13/48ef662/0e6d6b0/Build/GTest/Source/googlemock/include/gmock/gmock-matchers.h:432:67: error: implicitly-declared ‘testing::internal::StartsWithMatcher<std::__cxx11::basic_string<char> >::StartsWithMatcher(const testing::internal::StartsWithMatcher<std::__cxx11::basic_string<char> >&)’ is deprecated [-Werror=deprecated-copy]
  432 |   explicit PolymorphicMatcher(const Impl& an_impl) : impl_(an_impl) {}
      |                                                                   ^
In file included from /home/andrew/.hunter/_Base/21b2f13/48ef662/0e6d6b0/Build/GTest/Source/googletest/include/gtest/internal/gtest-linked_ptr.h:74,
                 from /home/andrew/.hunter/_Base/21b2f13/48ef662/0e6d6b0/Build/GTest/Source/googlemock/include/gmock/internal/gmock-port.h:53,
                 from /home/andrew/.hunter/_Base/21b2f13/48ef662/0e6d6b0/Build/GTest/Source/googlemock/include/gmock/internal/gmock-generated-internal-utils.h:44,
                 from /home/andrew/.hunter/_Base/21b2f13/48ef662/0e6d6b0/Build/GTest/Source/googlemock/include/gmock/internal/gmock-internal-utils.h:45,
                 from /home/andrew/.hunter/_Base/21b2f13/48ef662/0e6d6b0/Build/GTest/Source/googlemock/include/gmock/gmock-actions.h:46,
                 from /home/andrew/.hunter/_Base/21b2f13/48ef662/0e6d6b0/Build/GTest/Source/googlemock/include/gmock/gmock.h:58,
                 from /home/andrew/.hunter/_Base/21b2f13/48ef662/0e6d6b0/Build/GTest/Source/googlemock/src/gmock-all.cc:40:
/home/andrew/.hunter/_Base/21b2f13/48ef662/0e6d6b0/Build/GTest/Source/googletest/include/gtest/internal/gtest-port.h:908:8: note: because ‘testing::internal::StartsWithMatcher<std::__cxx11::basic_string<char> >’ has user-provided ‘void testing::internal::StartsWithMatcher<StringType>::operator=(const testing::internal::StartsWithMatcher<StringType>&) [with StringType = std::__cxx11::basic_string<char>]’
  908 |   void operator=(type const &)
      |        ^~~~~~~~
/home/andrew/.hunter/_Base/21b2f13/48ef662/0e6d6b0/Build/GTest/Source/googlemock/include/gmock/gmock-matchers.h:1274:3: note: in expansion of macro ‘GTEST_DISALLOW_ASSIGN_’
 1274 |   GTEST_DISALLOW_ASSIGN_(StartsWithMatcher);
      |   ^~~~~~~~~~~~~~~~~~~~~~
In file included from /home/andrew/.hunter/_Base/21b2f13/48ef662/0e6d6b0/Build/GTest/Source/googlemock/include/gmock/gmock-spec-builders.h:75,
                 from /home/andrew/.hunter/_Base/21b2f13/48ef662/0e6d6b0/Build/GTest/Source/googlemock/include/gmock/gmock-generated-function-mockers.h:43,
                 from /home/andrew/.hunter/_Base/21b2f13/48ef662/0e6d6b0/Build/GTest/Source/googlemock/include/gmock/gmock.h:61,
                 from /home/andrew/.hunter/_Base/21b2f13/48ef662/0e6d6b0/Build/GTest/Source/googlemock/src/gmock-all.cc:40:
/home/andrew/.hunter/_Base/21b2f13/48ef662/0e6d6b0/Build/GTest/Source/googlemock/include/gmock/gmock-matchers.h: In instantiation of ‘testing::PolymorphicMatcher<Impl>::PolymorphicMatcher(const Impl&) [with Impl = testing::internal::EndsWithMatcher<std::__cxx11::basic_string<char> >]’:
/home/andrew/.hunter/_Base/21b2f13/48ef662/0e6d6b0/Build/GTest/Source/googlemock/include/gmock/gmock-matchers.h:497:10:   required from ‘testing::PolymorphicMatcher<Impl> testing::MakePolymorphicMatcher(const Impl&) [with Impl = testing::internal::EndsWithMatcher<std::__cxx11::basic_string<char> >]’
/home/andrew/.hunter/_Base/21b2f13/48ef662/0e6d6b0/Build/GTest/Source/googlemock/include/gmock/gmock-matchers.h:4017:79:   required from here
/home/andrew/.hunter/_Base/21b2f13/48ef662/0e6d6b0/Build/GTest/Source/googlemock/include/gmock/gmock-matchers.h:432:67: error: implicitly-declared ‘testing::internal::EndsWithMatcher<std::__cxx11::basic_string<char> >::EndsWithMatcher(const testing::internal::EndsWithMatcher<std::__cxx11::basic_string<char> >&)’ is deprecated [-Werror=deprecated-copy]
  432 |   explicit PolymorphicMatcher(const Impl& an_impl) : impl_(an_impl) {}
      |                                                                   ^
In file included from /home/andrew/.hunter/_Base/21b2f13/48ef662/0e6d6b0/Build/GTest/Source/googletest/include/gtest/internal/gtest-linked_ptr.h:74,
                 from /home/andrew/.hunter/_Base/21b2f13/48ef662/0e6d6b0/Build/GTest/Source/googlemock/include/gmock/internal/gmock-port.h:53,
                 from /home/andrew/.hunter/_Base/21b2f13/48ef662/0e6d6b0/Build/GTest/Source/googlemock/include/gmock/internal/gmock-generated-internal-utils.h:44,
                 from /home/andrew/.hunter/_Base/21b2f13/48ef662/0e6d6b0/Build/GTest/Source/googlemock/include/gmock/internal/gmock-internal-utils.h:45,
                 from /home/andrew/.hunter/_Base/21b2f13/48ef662/0e6d6b0/Build/GTest/Source/googlemock/include/gmock/gmock-actions.h:46,
                 from /home/andrew/.hunter/_Base/21b2f13/48ef662/0e6d6b0/Build/GTest/Source/googlemock/include/gmock/gmock.h:58,
                 from /home/andrew/.hunter/_Base/21b2f13/48ef662/0e6d6b0/Build/GTest/Source/googlemock/src/gmock-all.cc:40:
/home/andrew/.hunter/_Base/21b2f13/48ef662/0e6d6b0/Build/GTest/Source/googletest/include/gtest/internal/gtest-port.h:908:8: note: because ‘testing::internal::EndsWithMatcher<std::__cxx11::basic_string<char> >’ has user-provided ‘void testing::internal::EndsWithMatcher<StringType>::operator=(const testing::internal::EndsWithMatcher<StringType>&) [with StringType = std::__cxx11::basic_string<char>]’
  908 |   void operator=(type const &)
      |        ^~~~~~~~
/home/andrew/.hunter/_Base/21b2f13/48ef662/0e6d6b0/Build/GTest/Source/googlemock/include/gmock/gmock-matchers.h:1320:3: note: in expansion of macro ‘GTEST_DISALLOW_ASSIGN_’
 1320 |   GTEST_DISALLOW_ASSIGN_(EndsWithMatcher);
      |   ^~~~~~~~~~~~~~~~~~~~~~
In file included from /home/andrew/.hunter/_Base/21b2f13/48ef662/0e6d6b0/Build/GTest/Source/googlemock/include/gmock/gmock-spec-builders.h:75,
                 from /home/andrew/.hunter/_Base/21b2f13/48ef662/0e6d6b0/Build/GTest/Source/googlemock/include/gmock/gmock-generated-function-mockers.h:43,
                 from /home/andrew/.hunter/_Base/21b2f13/48ef662/0e6d6b0/Build/GTest/Source/googlemock/include/gmock/gmock.h:61,
                 from /home/andrew/.hunter/_Base/21b2f13/48ef662/0e6d6b0/Build/GTest/Source/googlemock/src/gmock-all.cc:40:
/home/andrew/.hunter/_Base/21b2f13/48ef662/0e6d6b0/Build/GTest/Source/googlemock/include/gmock/gmock-matchers.h: In instantiation of ‘testing::PolymorphicMatcher<Impl>::PolymorphicMatcher(const Impl&) [with Impl = testing::internal::MatchesRegexMatcher]’:
/home/andrew/.hunter/_Base/21b2f13/48ef662/0e6d6b0/Build/GTest/Source/googlemock/include/gmock/gmock-matchers.h:497:10:   required from ‘testing::PolymorphicMatcher<Impl> testing::MakePolymorphicMatcher(const Impl&) [with Impl = testing::internal::MatchesRegexMatcher]’
/home/andrew/.hunter/_Base/21b2f13/48ef662/0e6d6b0/Build/GTest/Source/googlemock/include/gmock/gmock-matchers.h:4024:75:   required from here
/home/andrew/.hunter/_Base/21b2f13/48ef662/0e6d6b0/Build/GTest/Source/googlemock/include/gmock/gmock-matchers.h:432:67: error: implicitly-declared ‘testing::internal::MatchesRegexMatcher::MatchesRegexMatcher(const testing::internal::MatchesRegexMatcher&)’ is deprecated [-Werror=deprecated-copy]
  432 |   explicit PolymorphicMatcher(const Impl& an_impl) : impl_(an_impl) {}
      |                                                                   ^
In file included from /home/andrew/.hunter/_Base/21b2f13/48ef662/0e6d6b0/Build/GTest/Source/googletest/include/gtest/internal/gtest-linked_ptr.h:74,
                 from /home/andrew/.hunter/_Base/21b2f13/48ef662/0e6d6b0/Build/GTest/Source/googlemock/include/gmock/internal/gmock-port.h:53,
                 from /home/andrew/.hunter/_Base/21b2f13/48ef662/0e6d6b0/Build/GTest/Source/googlemock/include/gmock/internal/gmock-generated-internal-utils.h:44,
                 from /home/andrew/.hunter/_Base/21b2f13/48ef662/0e6d6b0/Build/GTest/Source/googlemock/include/gmock/internal/gmock-internal-utils.h:45,
                 from /home/andrew/.hunter/_Base/21b2f13/48ef662/0e6d6b0/Build/GTest/Source/googlemock/include/gmock/gmock-actions.h:46,
                 from /home/andrew/.hunter/_Base/21b2f13/48ef662/0e6d6b0/Build/GTest/Source/googlemock/include/gmock/gmock.h:58,
                 from /home/andrew/.hunter/_Base/21b2f13/48ef662/0e6d6b0/Build/GTest/Source/googlemock/src/gmock-all.cc:40:
/home/andrew/.hunter/_Base/21b2f13/48ef662/0e6d6b0/Build/GTest/Source/googletest/include/gtest/internal/gtest-port.h:908:8: note: because ‘testing::internal::MatchesRegexMatcher’ has user-provided ‘void testing::internal::MatchesRegexMatcher::operator=(const testing::internal::MatchesRegexMatcher&)’
  908 |   void operator=(type const &)
      |        ^~~~~~~~
/home/andrew/.hunter/_Base/21b2f13/48ef662/0e6d6b0/Build/GTest/Source/googlemock/include/gmock/gmock-matchers.h:1369:3: note: in expansion of macro ‘GTEST_DISALLOW_ASSIGN_’
 1369 |   GTEST_DISALLOW_ASSIGN_(MatchesRegexMatcher);
      |   ^~~~~~~~~~~~~~~~~~~~~~
In file included from /home/andrew/.hunter/_Base/21b2f13/48ef662/0e6d6b0/Build/GTest/Source/googlemock/include/gmock/gmock-spec-builders.h:75,
                 from /home/andrew/.hunter/_Base/21b2f13/48ef662/0e6d6b0/Build/GTest/Source/googlemock/include/gmock/gmock-generated-function-mockers.h:43,
                 from /home/andrew/.hunter/_Base/21b2f13/48ef662/0e6d6b0/Build/GTest/Source/googlemock/include/gmock/gmock.h:61,
                 from /home/andrew/.hunter/_Base/21b2f13/48ef662/0e6d6b0/Build/GTest/Source/googlemock/src/gmock-all.cc:40:
/home/andrew/.hunter/_Base/21b2f13/48ef662/0e6d6b0/Build/GTest/Source/googlemock/include/gmock/gmock-matchers.h: In instantiation of ‘testing::PolymorphicMatcher<Impl>::PolymorphicMatcher(const Impl&) [with Impl = testing::internal::StrEqualityMatcher<std::__cxx11::basic_string<wchar_t> >]’:
/home/andrew/.hunter/_Base/21b2f13/48ef662/0e6d6b0/Build/GTest/Source/googlemock/include/gmock/gmock-matchers.h:497:10:   required from ‘testing::PolymorphicMatcher<Impl> testing::MakePolymorphicMatcher(const Impl&) [with Impl = testing::internal::StrEqualityMatcher<std::__cxx11::basic_string<wchar_t> >]’
/home/andrew/.hunter/_Base/21b2f13/48ef662/0e6d6b0/Build/GTest/Source/googlemock/include/gmock/gmock-matchers.h:4049:23:   required from here
/home/andrew/.hunter/_Base/21b2f13/48ef662/0e6d6b0/Build/GTest/Source/googlemock/include/gmock/gmock-matchers.h:432:67: error: implicitly-declared ‘testing::internal::StrEqualityMatcher<std::__cxx11::basic_string<wchar_t> >::StrEqualityMatcher(const testing::internal::StrEqualityMatcher<std::__cxx11::basic_string<wchar_t> >&)’ is deprecated [-Werror=deprecated-copy]
  432 |   explicit PolymorphicMatcher(const Impl& an_impl) : impl_(an_impl) {}
      |                                                                   ^
In file included from /home/andrew/.hunter/_Base/21b2f13/48ef662/0e6d6b0/Build/GTest/Source/googletest/include/gtest/internal/gtest-linked_ptr.h:74,
                 from /home/andrew/.hunter/_Base/21b2f13/48ef662/0e6d6b0/Build/GTest/Source/googlemock/include/gmock/internal/gmock-port.h:53,
                 from /home/andrew/.hunter/_Base/21b2f13/48ef662/0e6d6b0/Build/GTest/Source/googlemock/include/gmock/internal/gmock-generated-internal-utils.h:44,
                 from /home/andrew/.hunter/_Base/21b2f13/48ef662/0e6d6b0/Build/GTest/Source/googlemock/include/gmock/internal/gmock-internal-utils.h:45,
                 from /home/andrew/.hunter/_Base/21b2f13/48ef662/0e6d6b0/Build/GTest/Source/googlemock/include/gmock/gmock-actions.h:46,
                 from /home/andrew/.hunter/_Base/21b2f13/48ef662/0e6d6b0/Build/GTest/Source/googlemock/include/gmock/gmock.h:58,
                 from /home/andrew/.hunter/_Base/21b2f13/48ef662/0e6d6b0/Build/GTest/Source/googlemock/src/gmock-all.cc:40:
/home/andrew/.hunter/_Base/21b2f13/48ef662/0e6d6b0/Build/GTest/Source/googletest/include/gtest/internal/gtest-port.h:908:8: note: because ‘testing::internal::StrEqualityMatcher<std::__cxx11::basic_string<wchar_t> >’ has user-provided ‘void testing::internal::StrEqualityMatcher<StringType>::operator=(const testing::internal::StrEqualityMatcher<StringType>&) [with StringType = std::__cxx11::basic_string<wchar_t>]’
  908 |   void operator=(type const &)
      |        ^~~~~~~~
/home/andrew/.hunter/_Base/21b2f13/48ef662/0e6d6b0/Build/GTest/Source/googlemock/include/gmock/gmock-matchers.h:1180:3: note: in expansion of macro ‘GTEST_DISALLOW_ASSIGN_’
 1180 |   GTEST_DISALLOW_ASSIGN_(StrEqualityMatcher);
      |   ^~~~~~~~~~~~~~~~~~~~~~
In file included from /home/andrew/.hunter/_Base/21b2f13/48ef662/0e6d6b0/Build/GTest/Source/googlemock/include/gmock/gmock-spec-builders.h:75,
                 from /home/andrew/.hunter/_Base/21b2f13/48ef662/0e6d6b0/Build/GTest/Source/googlemock/include/gmock/gmock-generated-function-mockers.h:43,
                 from /home/andrew/.hunter/_Base/21b2f13/48ef662/0e6d6b0/Build/GTest/Source/googlemock/include/gmock/gmock.h:61,
                 from /home/andrew/.hunter/_Base/21b2f13/48ef662/0e6d6b0/Build/GTest/Source/googlemock/src/gmock-all.cc:40:
/home/andrew/.hunter/_Base/21b2f13/48ef662/0e6d6b0/Build/GTest/Source/googlemock/include/gmock/gmock-matchers.h: In instantiation of ‘testing::PolymorphicMatcher<Impl>::PolymorphicMatcher(const Impl&) [with Impl = testing::internal::HasSubstrMatcher<std::__cxx11::basic_string<wchar_t> >]’:
/home/andrew/.hunter/_Base/21b2f13/48ef662/0e6d6b0/Build/GTest/Source/googlemock/include/gmock/gmock-matchers.h:497:10:   required from ‘testing::PolymorphicMatcher<Impl> testing::MakePolymorphicMatcher(const Impl&) [with Impl = testing::internal::HasSubstrMatcher<std::__cxx11::basic_string<wchar_t> >]’
/home/andrew/.hunter/_Base/21b2f13/48ef662/0e6d6b0/Build/GTest/Source/googlemock/include/gmock/gmock-matchers.h:4078:17:   required from here
/home/andrew/.hunter/_Base/21b2f13/48ef662/0e6d6b0/Build/GTest/Source/googlemock/include/gmock/gmock-matchers.h:432:67: error: implicitly-declared ‘testing::internal::HasSubstrMatcher<std::__cxx11::basic_string<wchar_t> >::HasSubstrMatcher(const testing::internal::HasSubstrMatcher<std::__cxx11::basic_string<wchar_t> >&)’ is deprecated [-Werror=deprecated-copy]
  432 |   explicit PolymorphicMatcher(const Impl& an_impl) : impl_(an_impl) {}
      |                                                                   ^
In file included from /home/andrew/.hunter/_Base/21b2f13/48ef662/0e6d6b0/Build/GTest/Source/googletest/include/gtest/internal/gtest-linked_ptr.h:74,
                 from /home/andrew/.hunter/_Base/21b2f13/48ef662/0e6d6b0/Build/GTest/Source/googlemock/include/gmock/internal/gmock-port.h:53,
                 from /home/andrew/.hunter/_Base/21b2f13/48ef662/0e6d6b0/Build/GTest/Source/googlemock/include/gmock/internal/gmock-generated-internal-utils.h:44,
                 from /home/andrew/.hunter/_Base/21b2f13/48ef662/0e6d6b0/Build/GTest/Source/googlemock/include/gmock/internal/gmock-internal-utils.h:45,
                 from /home/andrew/.hunter/_Base/21b2f13/48ef662/0e6d6b0/Build/GTest/Source/googlemock/include/gmock/gmock-actions.h:46,
                 from /home/andrew/.hunter/_Base/21b2f13/48ef662/0e6d6b0/Build/GTest/Source/googlemock/include/gmock/gmock.h:58,
                 from /home/andrew/.hunter/_Base/21b2f13/48ef662/0e6d6b0/Build/GTest/Source/googlemock/src/gmock-all.cc:40:
/home/andrew/.hunter/_Base/21b2f13/48ef662/0e6d6b0/Build/GTest/Source/googletest/include/gtest/internal/gtest-port.h:908:8: note: because ‘testing::internal::HasSubstrMatcher<std::__cxx11::basic_string<wchar_t> >’ has user-provided ‘void testing::internal::HasSubstrMatcher<StringType>::operator=(const testing::internal::HasSubstrMatcher<StringType>&) [with StringType = std::__cxx11::basic_string<wchar_t>]’
  908 |   void operator=(type const &)
      |        ^~~~~~~~
/home/andrew/.hunter/_Base/21b2f13/48ef662/0e6d6b0/Build/GTest/Source/googlemock/include/gmock/gmock-matchers.h:1227:3: note: in expansion of macro ‘GTEST_DISALLOW_ASSIGN_’
 1227 |   GTEST_DISALLOW_ASSIGN_(HasSubstrMatcher);
      |   ^~~~~~~~~~~~~~~~~~~~~~
In file included from /home/andrew/.hunter/_Base/21b2f13/48ef662/0e6d6b0/Build/GTest/Source/googlemock/include/gmock/gmock-spec-builders.h:75,
                 from /home/andrew/.hunter/_Base/21b2f13/48ef662/0e6d6b0/Build/GTest/Source/googlemock/include/gmock/gmock-generated-function-mockers.h:43,
                 from /home/andrew/.hunter/_Base/21b2f13/48ef662/0e6d6b0/Build/GTest/Source/googlemock/include/gmock/gmock.h:61,
                 from /home/andrew/.hunter/_Base/21b2f13/48ef662/0e6d6b0/Build/GTest/Source/googlemock/src/gmock-all.cc:40:
/home/andrew/.hunter/_Base/21b2f13/48ef662/0e6d6b0/Build/GTest/Source/googlemock/include/gmock/gmock-matchers.h: In instantiation of ‘testing::PolymorphicMatcher<Impl>::PolymorphicMatcher(const Impl&) [with Impl = testing::internal::StartsWithMatcher<std::__cxx11::basic_string<wchar_t> >]’:
/home/andrew/.hunter/_Base/21b2f13/48ef662/0e6d6b0/Build/GTest/Source/googlemock/include/gmock/gmock-matchers.h:497:10:   required from ‘testing::PolymorphicMatcher<Impl> testing::MakePolymorphicMatcher(const Impl&) [with Impl = testing::internal::StartsWithMatcher<std::__cxx11::basic_string<wchar_t> >]’
/home/andrew/.hunter/_Base/21b2f13/48ef662/0e6d6b0/Build/GTest/Source/googlemock/include/gmock/gmock-matchers.h:4085:14:   required from here
/home/andrew/.hunter/_Base/21b2f13/48ef662/0e6d6b0/Build/GTest/Source/googlemock/include/gmock/gmock-matchers.h:432:67: error: implicitly-declared ‘testing::internal::StartsWithMatcher<std::__cxx11::basic_string<wchar_t> >::StartsWithMatcher(const testing::internal::StartsWithMatcher<std::__cxx11::basic_string<wchar_t> >&)’ is deprecated [-Werror=deprecated-copy]
  432 |   explicit PolymorphicMatcher(const Impl& an_impl) : impl_(an_impl) {}
      |                                                                   ^
In file included from /home/andrew/.hunter/_Base/21b2f13/48ef662/0e6d6b0/Build/GTest/Source/googletest/include/gtest/internal/gtest-linked_ptr.h:74,
                 from /home/andrew/.hunter/_Base/21b2f13/48ef662/0e6d6b0/Build/GTest/Source/googlemock/include/gmock/internal/gmock-port.h:53,
                 from /home/andrew/.hunter/_Base/21b2f13/48ef662/0e6d6b0/Build/GTest/Source/googlemock/include/gmock/internal/gmock-generated-internal-utils.h:44,
                 from /home/andrew/.hunter/_Base/21b2f13/48ef662/0e6d6b0/Build/GTest/Source/googlemock/include/gmock/internal/gmock-internal-utils.h:45,
                 from /home/andrew/.hunter/_Base/21b2f13/48ef662/0e6d6b0/Build/GTest/Source/googlemock/include/gmock/gmock-actions.h:46,
                 from /home/andrew/.hunter/_Base/21b2f13/48ef662/0e6d6b0/Build/GTest/Source/googlemock/include/gmock/gmock.h:58,
                 from /home/andrew/.hunter/_Base/21b2f13/48ef662/0e6d6b0/Build/GTest/Source/googlemock/src/gmock-all.cc:40:
/home/andrew/.hunter/_Base/21b2f13/48ef662/0e6d6b0/Build/GTest/Source/googletest/include/gtest/internal/gtest-port.h:908:8: note: because ‘testing::internal::StartsWithMatcher<std::__cxx11::basic_string<wchar_t> >’ has user-provided ‘void testing::internal::StartsWithMatcher<StringType>::operator=(const testing::internal::StartsWithMatcher<StringType>&) [with StringType = std::__cxx11::basic_string<wchar_t>]’
  908 |   void operator=(type const &)
      |        ^~~~~~~~
/home/andrew/.hunter/_Base/21b2f13/48ef662/0e6d6b0/Build/GTest/Source/googlemock/include/gmock/gmock-matchers.h:1274:3: note: in expansion of macro ‘GTEST_DISALLOW_ASSIGN_’
 1274 |   GTEST_DISALLOW_ASSIGN_(StartsWithMatcher);
      |   ^~~~~~~~~~~~~~~~~~~~~~
In file included from /home/andrew/.hunter/_Base/21b2f13/48ef662/0e6d6b0/Build/GTest/Source/googlemock/include/gmock/gmock-spec-builders.h:75,
                 from /home/andrew/.hunter/_Base/21b2f13/48ef662/0e6d6b0/Build/GTest/Source/googlemock/include/gmock/gmock-generated-function-mockers.h:43,
                 from /home/andrew/.hunter/_Base/21b2f13/48ef662/0e6d6b0/Build/GTest/Source/googlemock/include/gmock/gmock.h:61,
                 from /home/andrew/.hunter/_Base/21b2f13/48ef662/0e6d6b0/Build/GTest/Source/googlemock/src/gmock-all.cc:40:
/home/andrew/.hunter/_Base/21b2f13/48ef662/0e6d6b0/Build/GTest/Source/googlemock/include/gmock/gmock-matchers.h: In instantiation of ‘testing::PolymorphicMatcher<Impl>::PolymorphicMatcher(const Impl&) [with Impl = testing::internal::EndsWithMatcher<std::__cxx11::basic_string<wchar_t> >]’:
/home/andrew/.hunter/_Base/21b2f13/48ef662/0e6d6b0/Build/GTest/Source/googlemock/include/gmock/gmock-matchers.h:497:10:   required from ‘testing::PolymorphicMatcher<Impl> testing::MakePolymorphicMatcher(const Impl&) [with Impl = testing::internal::EndsWithMatcher<std::__cxx11::basic_string<wchar_t> >]’
/home/andrew/.hunter/_Base/21b2f13/48ef662/0e6d6b0/Build/GTest/Source/googlemock/include/gmock/gmock-matchers.h:4092:14:   required from here
/home/andrew/.hunter/_Base/21b2f13/48ef662/0e6d6b0/Build/GTest/Source/googlemock/include/gmock/gmock-matchers.h:432:67: error: implicitly-declared ‘testing::internal::EndsWithMatcher<std::__cxx11::basic_string<wchar_t> >::EndsWithMatcher(const testing::internal::EndsWithMatcher<std::__cxx11::basic_string<wchar_t> >&)’ is deprecated [-Werror=deprecated-copy]
  432 |   explicit PolymorphicMatcher(const Impl& an_impl) : impl_(an_impl) {}
      |                                                                   ^
In file included from /home/andrew/.hunter/_Base/21b2f13/48ef662/0e6d6b0/Build/GTest/Source/googletest/include/gtest/internal/gtest-linked_ptr.h:74,
                 from /home/andrew/.hunter/_Base/21b2f13/48ef662/0e6d6b0/Build/GTest/Source/googlemock/include/gmock/internal/gmock-port.h:53,
                 from /home/andrew/.hunter/_Base/21b2f13/48ef662/0e6d6b0/Build/GTest/Source/googlemock/include/gmock/internal/gmock-generated-internal-utils.h:44,
                 from /home/andrew/.hunter/_Base/21b2f13/48ef662/0e6d6b0/Build/GTest/Source/googlemock/include/gmock/internal/gmock-internal-utils.h:45,
                 from /home/andrew/.hunter/_Base/21b2f13/48ef662/0e6d6b0/Build/GTest/Source/googlemock/include/gmock/gmock-actions.h:46,
                 from /home/andrew/.hunter/_Base/21b2f13/48ef662/0e6d6b0/Build/GTest/Source/googlemock/include/gmock/gmock.h:58,
                 from /home/andrew/.hunter/_Base/21b2f13/48ef662/0e6d6b0/Build/GTest/Source/googlemock/src/gmock-all.cc:40:
/home/andrew/.hunter/_Base/21b2f13/48ef662/0e6d6b0/Build/GTest/Source/googletest/include/gtest/internal/gtest-port.h:908:8: note: because ‘testing::internal::EndsWithMatcher<std::__cxx11::basic_string<wchar_t> >’ has user-provided ‘void testing::internal::EndsWithMatcher<StringType>::operator=(const testing::internal::EndsWithMatcher<StringType>&) [with StringType = std::__cxx11::basic_string<wchar_t>]’
  908 |   void operator=(type const &)
      |        ^~~~~~~~
/home/andrew/.hunter/_Base/21b2f13/48ef662/0e6d6b0/Build/GTest/Source/googlemock/include/gmock/gmock-matchers.h:1320:3: note: in expansion of macro ‘GTEST_DISALLOW_ASSIGN_’
 1320 |   GTEST_DISALLOW_ASSIGN_(EndsWithMatcher);
      |   ^~~~~~~~~~~~~~~~~~~~~~
cc1plus: all warnings being treated as errors
gmake[5]: *** [googlemock/CMakeFiles/gmock_main.dir/build.make:76: googlemock/CMakeFiles/gmock_main.dir/src/gmock-all.cc.o] Error 1
cc1plus: all warnings being treated as errors
gmake[5]: *** [googlemock/CMakeFiles/gmock.dir/build.make:76: googlemock/CMakeFiles/gmock.dir/src/gmock-all.cc.o] Error 1
gmake[5]: *** Waiting for unfinished jobs....
gmake[4]: *** [CMakeFiles/Makefile2:98: googlemock/CMakeFiles/gmock_main.dir/all] Error 2
gmake[4]: *** Waiting for unfinished jobs....
[ 63%] Linking CXX static library libgtest.a
[ 63%] Built target gtest
gmake[4]: *** [CMakeFiles/Makefile2:125: googlemock/CMakeFiles/gmock.dir/all] Error 2
gmake[3]: *** [Makefile:141: all] Error 2
gmake[2]: *** [CMakeFiles/GTest-Release.dir/build.make:116: GTest-Release-prefix/src/GTest-Release-stamp/GTest-Release-build] Error 2
gmake[1]: *** [CMakeFiles/Makefile2:78: CMakeFiles/GTest-Release.dir/all] Error 2
gmake: *** [Makefile:84: all] Error 2

[hunter ** FATAL ERROR **] Build step failed (dir: /home/andrew/.hunter/_Base/21b2f13/48ef662/0e6d6b0/Build/GTest
[hunter ** FATAL ERROR **] [Directory:/home/andrew/.hunter/_Base/Download/Hunter/0.23.179/21b2f13/Unpacked/cmake/projects/GTest]

------------------------------ ERROR -----------------------------
    https://docs.hunter.sh/en/latest/reference/errors/error.external.build.failed.html
------------------------------------------------------------------

CMake Error at /home/andrew/.hunter/_Base/Download/Hunter/0.23.179/21b2f13/Unpacked/cmake/modules/hunter_error_page.cmake:12 (message):
Call Stack (most recent call first):
  /home/andrew/.hunter/_Base/Download/Hunter/0.23.179/21b2f13/Unpacked/cmake/modules/hunter_fatal_error.cmake:20 (hunter_error_page)
  /home/andrew/.hunter/_Base/Download/Hunter/0.23.179/21b2f13/Unpacked/cmake/modules/hunter_download.cmake:617 (hunter_fatal_error)
  /home/andrew/.hunter/_Base/Download/Hunter/0.23.179/21b2f13/Unpacked/cmake/projects/GTest/hunter.cmake:244 (hunter_download)
  /home/andrew/.hunter/_Base/Download/Hunter/0.23.179/21b2f13/Unpacked/cmake/modules/hunter_add_package.cmake:62 (include)
  CMakeLists.txt:36 (hunter_add_package)


-- Configuring incomplete, errors occurred!
See also "/home/andrew/janus-gray/cmake-build-default/CMakeFiles/CMakeOutput.log".
See also "/home/andrew/janus-gray/cmake-build-default/CMakeFiles/CMakeError.log".
